[0.029s] Invoking command in '/home/rishabh/smartbot_ws/build/smartbot_description': CMAKE_PREFIX_PATH=${CMAKE_PREFIX_PATH}:/home/rishabh/smartbot_ws/install/smartsort_robot:/opt/ros/jazzy DEBUGINFOD_URLS=https://debuginfod.ubuntu.com /usr/bin/cmake /home/rishabh/smartbot_ws/src/smartbot_description -DCMAKE_INSTALL_PREFIX=/home/rishabh/smartbot_ws/install/smartbot_description
[0.247s] -- The C compiler identification is GNU 13.3.0
[0.416s] -- The CXX compiler identification is GNU 13.3.0
[0.454s] -- Detecting C compiler ABI info
[0.638s] -- Detecting C compiler ABI info - done
[0.658s] -- Check for working C compiler: /usr/bin/cc - skipped
[0.658s] -- Detecting C compile features
[0.659s] -- Detecting C compile features - done
[0.680s] -- Detecting CXX compiler ABI info
[0.882s] -- Detecting CXX compiler ABI info - done
[0.903s] -- Check for working CXX compiler: /usr/bin/c++ - skipped
[0.903s] -- Detecting CXX compile features
[0.904s] -- Detecting CXX compile features - done
[0.922s] -- Found ament_cmake: 2.5.4 (/opt/ros/jazzy/share/ament_cmake/cmake)
[1.203s] -- Found Python3: /usr/bin/python3 (found version "3.12.3") found components: Interpreter 
[1.457s] -- Found ament_lint_auto: 0.17.3 (/opt/ros/jazzy/share/ament_lint_auto/cmake)
[1.648s] -- Added test 'lint_cmake' to check CMake code style
[1.652s] -- Added test 'xmllint' to check XML markup files
[1.656s] -- Configuring done (1.6s)
[1.661s] -- Generating done (0.0s)
[1.663s] -- Build files have been written to: /home/rishabh/smartbot_ws/build/smartbot_description
[1.673s] Invoked command in '/home/rishabh/smartbot_ws/build/smartbot_description' returned '0': CMAKE_PREFIX_PATH=${CMAKE_PREFIX_PATH}:/home/rishabh/smartbot_ws/install/smartsort_robot:/opt/ros/jazzy DEBUGINFOD_URLS=https://debuginfod.ubuntu.com /usr/bin/cmake /home/rishabh/smartbot_ws/src/smartbot_description -DCMAKE_INSTALL_PREFIX=/home/rishabh/smartbot_ws/install/smartbot_description
[1.676s] Invoking command in '/home/rishabh/smartbot_ws/build/smartbot_description': CMAKE_PREFIX_PATH=${CMAKE_PREFIX_PATH}:/home/rishabh/smartbot_ws/install/smartsort_robot:/opt/ros/jazzy DEBUGINFOD_URLS=https://debuginfod.ubuntu.com /usr/bin/cmake --build /home/rishabh/smartbot_ws/build/smartbot_description -- -j8 -l8
[1.750s] Invoked command in '/home/rishabh/smartbot_ws/build/smartbot_description' returned '0': CMAKE_PREFIX_PATH=${CMAKE_PREFIX_PATH}:/home/rishabh/smartbot_ws/install/smartsort_robot:/opt/ros/jazzy DEBUGINFOD_URLS=https://debuginfod.ubuntu.com /usr/bin/cmake --build /home/rishabh/smartbot_ws/build/smartbot_description -- -j8 -l8
[1.770s] Invoking command in '/home/rishabh/smartbot_ws/build/smartbot_description': CMAKE_PREFIX_PATH=${CMAKE_PREFIX_PATH}:/home/rishabh/smartbot_ws/install/smartsort_robot:/opt/ros/jazzy DEBUGINFOD_URLS=https://debuginfod.ubuntu.com /usr/bin/cmake --install /home/rishabh/smartbot_ws/build/smartbot_description
[1.792s] -- Install configuration: ""
[1.793s] -- Installing: /home/rishabh/smartbot_ws/install/smartbot_description/share/ament_index/resource_index/package_run_dependencies/smartbot_description
[1.793s] -- Installing: /home/rishabh/smartbot_ws/install/smartbot_description/share/ament_index/resource_index/parent_prefix_path/smartbot_description
[1.793s] -- Installing: /home/rishabh/smartbot_ws/install/smartbot_description/share/smartbot_description/environment/ament_prefix_path.sh
[1.794s] -- Installing: /home/rishabh/smartbot_ws/install/smartbot_description/share/smartbot_description/environment/ament_prefix_path.dsv
[1.794s] -- Installing: /home/rishabh/smartbot_ws/install/smartbot_description/share/smartbot_description/environment/path.sh
[1.794s] -- Installing: /home/rishabh/smartbot_ws/install/smartbot_description/share/smartbot_description/environment/path.dsv
[1.794s] -- Installing: /home/rishabh/smartbot_ws/install/smartbot_description/share/smartbot_description/local_setup.bash
[1.794s] -- Installing: /home/rishabh/smartbot_ws/install/smartbot_description/share/smartbot_description/local_setup.sh
[1.795s] -- Installing: /home/rishabh/smartbot_ws/install/smartbot_description/share/smartbot_description/local_setup.zsh
[1.795s] -- Installing: /home/rishabh/smartbot_ws/install/smartbot_description/share/smartbot_description/local_setup.dsv
[1.795s] -- Installing: /home/rishabh/smartbot_ws/install/smartbot_description/share/smartbot_description/package.dsv
[1.795s] -- Installing: /home/rishabh/smartbot_ws/install/smartbot_description/share/ament_index/resource_index/packages/smartbot_description
[1.796s] -- Installing: /home/rishabh/smartbot_ws/install/smartbot_description/share/smartbot_description/cmake/smartbot_descriptionConfig.cmake
[1.796s] -- Installing: /home/rishabh/smartbot_ws/install/smartbot_description/share/smartbot_description/cmake/smartbot_descriptionConfig-version.cmake
[1.796s] -- Installing: /home/rishabh/smartbot_ws/install/smartbot_description/share/smartbot_description/package.xml
[1.799s] Invoked command in '/home/rishabh/smartbot_ws/build/smartbot_description' returned '0': CMAKE_PREFIX_PATH=${CMAKE_PREFIX_PATH}:/home/rishabh/smartbot_ws/install/smartsort_robot:/opt/ros/jazzy DEBUGINFOD_URLS=https://debuginfod.ubuntu.com /usr/bin/cmake --install /home/rishabh/smartbot_ws/build/smartbot_description
