/home/rishabh/smartbot_ws/install/smartsort_robot/lib/python3.12/site-packages/smartsort_robot/robot_brain.py
/home/rishabh/smartbot_ws/install/smartsort_robot/lib/python3.12/site-packages/smartsort_robot/gripper_controller.py
/home/rishabh/smartbot_ws/install/smartsort_robot/lib/python3.12/site-packages/smartsort_robot/__init__.py
/home/rishabh/smartbot_ws/install/smartsort_robot/lib/python3.12/site-packages/smartsort_robot/__pycache__/robot_brain.cpython-312.pyc
/home/rishabh/smartbot_ws/install/smartsort_robot/lib/python3.12/site-packages/smartsort_robot/__pycache__/gripper_controller.cpython-312.pyc
/home/rishabh/smartbot_ws/install/smartsort_robot/lib/python3.12/site-packages/smartsort_robot/__pycache__/__init__.cpython-312.pyc
/home/rishabh/smartbot_ws/install/smartsort_robot/share/ament_index/resource_index/packages/smartsort_robot
/home/rishabh/smartbot_ws/install/smartsort_robot/share/smartsort_robot/package.xml
/home/rishabh/smartbot_ws/install/smartsort_robot/share/smartsort_robot/launch/warehouse.launch.py
/home/rishabh/smartbot_ws/install/smartsort_robot/share/smartsort_robot/urdf/smartsort_ros2_control.xacro
/home/rishabh/smartbot_ws/install/smartsort_robot/share/smartsort_robot/urdf/smartsort_robot.urdf.xacro
/home/rishabh/smartbot_ws/install/smartsort_robot/share/smartsort_robot/urdf/smartsort_gazebo.xacro
/home/rishabh/smartbot_ws/install/smartsort_robot/share/smartsort_robot/worlds/warehouse.sdf
/home/rishabh/smartbot_ws/install/smartsort_robot/share/smartsort_robot/rviz
/home/rishabh/smartbot_ws/install/smartsort_robot/lib/python3.12/site-packages/smartsort_robot-1.0.0-py3.12.egg-info/top_level.txt
/home/rishabh/smartbot_ws/install/smartsort_robot/lib/python3.12/site-packages/smartsort_robot-1.0.0-py3.12.egg-info/SOURCES.txt
/home/rishabh/smartbot_ws/install/smartsort_robot/lib/python3.12/site-packages/smartsort_robot-1.0.0-py3.12.egg-info/entry_points.txt
/home/rishabh/smartbot_ws/install/smartsort_robot/lib/python3.12/site-packages/smartsort_robot-1.0.0-py3.12.egg-info/dependency_links.txt
/home/rishabh/smartbot_ws/install/smartsort_robot/lib/python3.12/site-packages/smartsort_robot-1.0.0-py3.12.egg-info/zip-safe
/home/rishabh/smartbot_ws/install/smartsort_robot/lib/python3.12/site-packages/smartsort_robot-1.0.0-py3.12.egg-info/PKG-INFO
/home/rishabh/smartbot_ws/install/smartsort_robot/lib/python3.12/site-packages/smartsort_robot-1.0.0-py3.12.egg-info/requires.txt
/home/rishabh/smartbot_ws/install/smartsort_robot/lib/smartsort_robot/gripper_controller
/home/rishabh/smartbot_ws/install/smartsort_robot/lib/smartsort_robot/robot_brain
