[0.024s] Invoking command in '/home/rishabh/smartbot_ws/build/smartsort_controllers': CMAKE_PREFIX_PATH=${CMAKE_PREFIX_PATH}:/home/rishabh/smartbot_ws/install/smartsort_robot:/opt/ros/jazzy DEBUGINFOD_URLS=https://debuginfod.ubuntu.com /usr/bin/cmake /home/rishabh/smartbot_ws/src/smartsort_controllers -DCMAKE_INSTALL_PREFIX=/home/rishabh/smartbot_ws/install/smartsort_controllers
[0.239s] -- The C compiler identification is GNU 13.3.0
[0.401s] -- The CXX compiler identification is GNU 13.3.0
[0.441s] -- Detecting C compiler ABI info
[0.615s] -- Detecting C compiler ABI info - done
[0.633s] -- Check for working C compiler: /usr/bin/cc - skipped
[0.634s] -- Detecting C compile features
[0.636s] -- Detecting C compile features - done
[0.662s] -- Detecting CXX compiler ABI info
[0.849s] -- Detecting CXX compiler ABI info - done
[0.877s] -- Check for working CXX compiler: /usr/bin/c++ - skipped
[0.878s] -- Detecting CXX compile features
[0.880s] -- Detecting CXX compile features - done
[0.913s] -- Found ament_cmake: 2.5.4 (/opt/ros/jazzy/share/ament_cmake/cmake)
[1.183s] -- Found Python3: /usr/bin/python3 (found version "3.12.3") found components: Interpreter 
[1.431s] -- Found ament_lint_auto: 0.17.3 (/opt/ros/jazzy/share/ament_lint_auto/cmake)
[1.640s] -- Added test 'lint_cmake' to check CMake code style
[1.643s] -- Added test 'xmllint' to check XML markup files
[1.647s] -- Configuring done (1.6s)
[1.653s] -- Generating done (0.0s)
[1.657s] -- Build files have been written to: /home/rishabh/smartbot_ws/build/smartsort_controllers
[1.669s] Invoked command in '/home/rishabh/smartbot_ws/build/smartsort_controllers' returned '0': CMAKE_PREFIX_PATH=${CMAKE_PREFIX_PATH}:/home/rishabh/smartbot_ws/install/smartsort_robot:/opt/ros/jazzy DEBUGINFOD_URLS=https://debuginfod.ubuntu.com /usr/bin/cmake /home/rishabh/smartbot_ws/src/smartsort_controllers -DCMAKE_INSTALL_PREFIX=/home/rishabh/smartbot_ws/install/smartsort_controllers
[1.672s] Invoking command in '/home/rishabh/smartbot_ws/build/smartsort_controllers': CMAKE_PREFIX_PATH=${CMAKE_PREFIX_PATH}:/home/rishabh/smartbot_ws/install/smartsort_robot:/opt/ros/jazzy DEBUGINFOD_URLS=https://debuginfod.ubuntu.com /usr/bin/cmake --build /home/rishabh/smartbot_ws/build/smartsort_controllers -- -j8 -l8
[1.764s] Invoked command in '/home/rishabh/smartbot_ws/build/smartsort_controllers' returned '0': CMAKE_PREFIX_PATH=${CMAKE_PREFIX_PATH}:/home/rishabh/smartbot_ws/install/smartsort_robot:/opt/ros/jazzy DEBUGINFOD_URLS=https://debuginfod.ubuntu.com /usr/bin/cmake --build /home/rishabh/smartbot_ws/build/smartsort_controllers -- -j8 -l8
[1.767s] Invoking command in '/home/rishabh/smartbot_ws/build/smartsort_controllers': CMAKE_PREFIX_PATH=${CMAKE_PREFIX_PATH}:/home/rishabh/smartbot_ws/install/smartsort_robot:/opt/ros/jazzy DEBUGINFOD_URLS=https://debuginfod.ubuntu.com /usr/bin/cmake --install /home/rishabh/smartbot_ws/build/smartsort_controllers
[1.792s] -- Install configuration: ""
[1.792s] -- Installing: /home/rishabh/smartbot_ws/install/smartsort_controllers/share/smartsort_controllers/config
[1.793s] -- Installing: /home/rishabh/smartbot_ws/install/smartsort_controllers/share/smartsort_controllers/config/controller_manager.yaml
[1.823s] -- Installing: /home/rishabh/smartbot_ws/install/smartsort_controllers/share/ament_index/resource_index/package_run_dependencies/smartsort_controllers
[1.825s] -- Installing: /home/rishabh/smartbot_ws/install/smartsort_controllers/share/ament_index/resource_index/parent_prefix_path/smartsort_controllers
[1.825s] -- Installing: /home/rishabh/smartbot_ws/install/smartsort_controllers/share/smartsort_controllers/environment/ament_prefix_path.sh
[1.825s] -- Installing: /home/rishabh/smartbot_ws/install/smartsort_controllers/share/smartsort_controllers/environment/ament_prefix_path.dsv
[1.825s] -- Installing: /home/rishabh/smartbot_ws/install/smartsort_controllers/share/smartsort_controllers/environment/path.sh
[1.826s] -- Installing: /home/rishabh/smartbot_ws/install/smartsort_controllers/share/smartsort_controllers/environment/path.dsv
[1.826s] -- Installing: /home/rishabh/smartbot_ws/install/smartsort_controllers/share/smartsort_controllers/local_setup.bash
[1.827s] -- Installing: /home/rishabh/smartbot_ws/install/smartsort_controllers/share/smartsort_controllers/local_setup.sh
[1.827s] -- Installing: /home/rishabh/smartbot_ws/install/smartsort_controllers/share/smartsort_controllers/local_setup.zsh
[1.827s] -- Installing: /home/rishabh/smartbot_ws/install/smartsort_controllers/share/smartsort_controllers/local_setup.dsv
[1.827s] -- Installing: /home/rishabh/smartbot_ws/install/smartsort_controllers/share/smartsort_controllers/package.dsv
[1.828s] -- Installing: /home/rishabh/smartbot_ws/install/smartsort_controllers/share/ament_index/resource_index/packages/smartsort_controllers
[1.828s] -- Installing: /home/rishabh/smartbot_ws/install/smartsort_controllers/share/smartsort_controllers/cmake/smartsort_controllersConfig.cmake
[1.829s] -- Installing: /home/rishabh/smartbot_ws/install/smartsort_controllers/share/smartsort_controllers/cmake/smartsort_controllersConfig-version.cmake
[1.829s] -- Installing: /home/rishabh/smartbot_ws/install/smartsort_controllers/share/smartsort_controllers/package.xml
[1.833s] Invoked command in '/home/rishabh/smartbot_ws/build/smartsort_controllers' returned '0': CMAKE_PREFIX_PATH=${CMAKE_PREFIX_PATH}:/home/rishabh/smartbot_ws/install/smartsort_robot:/opt/ros/jazzy DEBUGINFOD_URLS=https://debuginfod.ubuntu.com /usr/bin/cmake --install /home/rishabh/smartbot_ws/build/smartsort_controllers
