[0.049s] Invoking command in '/home/rishabh/smartbot_ws/build/smartbot_description': CMAKE_PREFIX_PATH=${CMAKE_PREFIX_PATH}:/opt/ros/jazzy DEBUGINFOD_URLS=https://debuginfod.ubuntu.com /usr/bin/cmake /home/rishabh/smartbot_ws/src/smartbot_description -DAMENT_CMAKE_SYMLINK_INSTALL=1 -DCMAKE_INSTALL_PREFIX=/home/rishabh/smartbot_ws/install/smartbot_description
[0.210s] -- The C compiler identification is GNU 13.3.0
[0.404s] -- The CXX compiler identification is GNU 13.3.0
[0.463s] -- Detecting C compiler ABI info
[0.799s] -- Detecting C compiler ABI info - done
[0.841s] -- Check for working C compiler: /usr/bin/cc - skipped
[0.842s] -- Detecting C compile features
[0.844s] -- Detecting C compile features - done
[0.880s] -- Detecting CXX compiler ABI info
[1.276s] -- Detecting CXX compiler ABI info - done
[1.309s] -- Check for working CXX compiler: /usr/bin/c++ - skipped
[1.310s] -- Detecting CXX compile features
[1.312s] -- Detecting CXX compile features - done
[1.329s] -- Found ament_cmake: 2.5.4 (/opt/ros/jazzy/share/ament_cmake/cmake)
[1.969s] -- Found Python3: /usr/bin/python3 (found version "3.12.3") found components: Interpreter 
[2.356s] -- Override CMake install command with custom implementation using symlinks instead of copying resources
[2.688s] -- Found ament_lint_auto: 0.17.3 (/opt/ros/jazzy/share/ament_lint_auto/cmake)
[3.264s] -- Added test 'lint_cmake' to check CMake code style
[3.272s] -- Added test 'xmllint' to check XML markup files
[3.282s] -- Configuring done (3.2s)
[3.296s] -- Generating done (0.0s)
[3.304s] -- Build files have been written to: /home/rishabh/smartbot_ws/build/smartbot_description
[3.330s] Invoked command in '/home/rishabh/smartbot_ws/build/smartbot_description' returned '0': CMAKE_PREFIX_PATH=${CMAKE_PREFIX_PATH}:/opt/ros/jazzy DEBUGINFOD_URLS=https://debuginfod.ubuntu.com /usr/bin/cmake /home/rishabh/smartbot_ws/src/smartbot_description -DAMENT_CMAKE_SYMLINK_INSTALL=1 -DCMAKE_INSTALL_PREFIX=/home/rishabh/smartbot_ws/install/smartbot_description
[3.336s] Invoking command in '/home/rishabh/smartbot_ws/build/smartbot_description': CMAKE_PREFIX_PATH=${CMAKE_PREFIX_PATH}:/opt/ros/jazzy DEBUGINFOD_URLS=https://debuginfod.ubuntu.com /usr/bin/cmake --build /home/rishabh/smartbot_ws/build/smartbot_description -- -j8 -l8
[3.490s] Invoked command in '/home/rishabh/smartbot_ws/build/smartbot_description' returned '0': CMAKE_PREFIX_PATH=${CMAKE_PREFIX_PATH}:/opt/ros/jazzy DEBUGINFOD_URLS=https://debuginfod.ubuntu.com /usr/bin/cmake --build /home/rishabh/smartbot_ws/build/smartbot_description -- -j8 -l8
[3.490s] Invoking command in '/home/rishabh/smartbot_ws/build/smartbot_description': CMAKE_PREFIX_PATH=${CMAKE_PREFIX_PATH}:/opt/ros/jazzy DEBUGINFOD_URLS=https://debuginfod.ubuntu.com /usr/bin/cmake --install /home/rishabh/smartbot_ws/build/smartbot_description
[3.518s] -- Install configuration: ""
[3.520s] -- Execute custom install script
[3.521s] -- Symlinking: /home/rishabh/smartbot_ws/install/smartbot_description/share/ament_index/resource_index/package_run_dependencies/smartbot_description
[3.551s] -- Symlinking: /home/rishabh/smartbot_ws/install/smartbot_description/share/ament_index/resource_index/parent_prefix_path/smartbot_description
[3.580s] -- Symlinking: /home/rishabh/smartbot_ws/install/smartbot_description/share/smartbot_description/environment/ament_prefix_path.sh
[3.607s] -- Symlinking: /home/rishabh/smartbot_ws/install/smartbot_description/share/smartbot_description/environment/ament_prefix_path.dsv
[3.640s] -- Symlinking: /home/rishabh/smartbot_ws/install/smartbot_description/share/smartbot_description/environment/path.sh
[3.667s] -- Symlinking: /home/rishabh/smartbot_ws/install/smartbot_description/share/smartbot_description/environment/path.dsv
[3.694s] -- Symlinking: /home/rishabh/smartbot_ws/install/smartbot_description/share/smartbot_description/local_setup.bash
[3.720s] -- Symlinking: /home/rishabh/smartbot_ws/install/smartbot_description/share/smartbot_description/local_setup.sh
[3.749s] -- Symlinking: /home/rishabh/smartbot_ws/install/smartbot_description/share/smartbot_description/local_setup.zsh
[3.779s] -- Symlinking: /home/rishabh/smartbot_ws/install/smartbot_description/share/smartbot_description/local_setup.dsv
[3.807s] -- Symlinking: /home/rishabh/smartbot_ws/install/smartbot_description/share/smartbot_description/package.dsv
[3.844s] -- Symlinking: /home/rishabh/smartbot_ws/install/smartbot_description/share/ament_index/resource_index/packages/smartbot_description
[3.872s] -- Symlinking: /home/rishabh/smartbot_ws/install/smartbot_description/share/smartbot_description/cmake/smartbot_descriptionConfig.cmake
[3.900s] -- Symlinking: /home/rishabh/smartbot_ws/install/smartbot_description/share/smartbot_description/cmake/smartbot_descriptionConfig-version.cmake
[3.929s] -- Symlinking: /home/rishabh/smartbot_ws/install/smartbot_description/share/smartbot_description/package.xml
[3.971s] Invoked command in '/home/rishabh/smartbot_ws/build/smartbot_description' returned '0': CMAKE_PREFIX_PATH=${CMAKE_PREFIX_PATH}:/opt/ros/jazzy DEBUGINFOD_URLS=https://debuginfod.ubuntu.com /usr/bin/cmake --install /home/rishabh/smartbot_ws/build/smartbot_description
