[3.460s] Invoking command in '/home/rishabh/smartbot_ws/build/smartsort_robot': DEBUGINFOD_URLS=https://debuginfod.ubuntu.com PYTHONPATH=/home/rishabh/smartbot_ws/build/smartsort_robot/prefix_override:/usr/lib/python3/dist-packages/colcon_core/task/python/colcon_distutils_commands:/home/rishabh/smartbot_ws/install/smartsort_robot/lib/python3.12/site-packages:${PYTHONPATH} /usr/bin/python3 -W ignore:setup.py install is deprecated -W ignore:easy_install command is deprecated setup.py develop --editable --build-directory /home/rishabh/smartbot_ws/build/smartsort_robot/build --no-deps symlink_data
[4.278s] running develop
[4.827s] running egg_info
[4.828s] creating smartsort_robot.egg-info
[4.896s] writing smartsort_robot.egg-info/PKG-INFO
[4.896s] writing dependency_links to smartsort_robot.egg-info/dependency_links.txt
[4.896s] writing entry points to smartsort_robot.egg-info/entry_points.txt
[4.897s] writing requirements to smartsort_robot.egg-info/requires.txt
[4.897s] writing top-level names to smartsort_robot.egg-info/top_level.txt
[4.897s] writing manifest file 'smartsort_robot.egg-info/SOURCES.txt'
[5.019s] reading manifest file 'smartsort_robot.egg-info/SOURCES.txt'
[5.021s] writing manifest file 'smartsort_robot.egg-info/SOURCES.txt'
[5.078s] running build_ext
[5.078s] Creating /home/rishabh/smartbot_ws/install/smartsort_robot/lib/python3.12/site-packages/smartsort-robot.egg-link (link to .)
[5.079s] Installing gripper_controller script to /home/rishabh/smartbot_ws/install/smartsort_robot/lib/smartsort_robot
[5.080s] Installing robot_brain script to /home/rishabh/smartbot_ws/install/smartsort_robot/lib/smartsort_robot
[5.080s] 
[5.081s] Installed /home/rishabh/smartbot_ws/build/smartsort_robot
[5.081s] running symlink_data
[5.082s] creating /home/rishabh/smartbot_ws/install/smartsort_robot/share/ament_index
[5.082s] creating /home/rishabh/smartbot_ws/install/smartsort_robot/share/ament_index/resource_index
[5.082s] creating /home/rishabh/smartbot_ws/install/smartsort_robot/share/ament_index/resource_index/packages
[5.083s] symbolically linking /home/rishabh/smartbot_ws/build/smartsort_robot/resource/smartsort_robot -> /home/rishabh/smartbot_ws/install/smartsort_robot/share/ament_index/resource_index/packages
[5.083s] symbolically linking /home/rishabh/smartbot_ws/build/smartsort_robot/package.xml -> /home/rishabh/smartbot_ws/install/smartsort_robot/share/smartsort_robot
[5.083s] creating /home/rishabh/smartbot_ws/install/smartsort_robot/share/smartsort_robot/launch
[5.083s] symbolically linking /home/rishabh/smartbot_ws/build/smartsort_robot/launch/warehouse.launch.py -> /home/rishabh/smartbot_ws/install/smartsort_robot/share/smartsort_robot/launch
[5.084s] creating /home/rishabh/smartbot_ws/install/smartsort_robot/share/smartsort_robot/urdf
[5.084s] creating /home/rishabh/smartbot_ws/install/smartsort_robot/share/smartsort_robot/worlds
[5.084s] symbolically linking /home/rishabh/smartbot_ws/build/smartsort_robot/worlds/warehouse.sdf -> /home/rishabh/smartbot_ws/install/smartsort_robot/share/smartsort_robot/worlds
[5.085s] creating /home/rishabh/smartbot_ws/install/smartsort_robot/share/smartsort_robot/rviz
[5.148s] Invoked command in '/home/rishabh/smartbot_ws/build/smartsort_robot' returned '0': DEBUGINFOD_URLS=https://debuginfod.ubuntu.com PYTHONPATH=/home/rishabh/smartbot_ws/build/smartsort_robot/prefix_override:/usr/lib/python3/dist-packages/colcon_core/task/python/colcon_distutils_commands:/home/rishabh/smartbot_ws/install/smartsort_robot/lib/python3.12/site-packages:${PYTHONPATH} /usr/bin/python3 -W ignore:setup.py install is deprecated -W ignore:easy_install command is deprecated setup.py develop --editable --build-directory /home/rishabh/smartbot_ws/build/smartsort_robot/build --no-deps symlink_data
