[0.214s] Invoking command in '/home/rishabh/smartbot_ws/build/smartsort_controllers': CMAKE_PREFIX_PATH=${CMAKE_PREFIX_PATH}:/opt/ros/jazzy DEBUGINFOD_URLS=https://debuginfod.ubuntu.com /usr/bin/cmake /home/rishabh/smartbot_ws/src/smartsort_controllers -DCMAKE_INSTALL_PREFIX=/home/rishabh/smartbot_ws/install/smartsort_controllers
[0.518s] -- The C compiler identification is GNU 13.3.0
[0.626s] -- The CXX compiler identification is GNU 13.3.0
[0.657s] -- Detecting C compiler ABI info
[0.826s] -- Detecting C compiler ABI info - done
[0.841s] -- Check for working C compiler: /usr/bin/cc - skipped
[0.841s] -- Detecting C compile features
[0.842s] -- Detecting C compile features - done
[0.858s] -- Detecting CXX compiler ABI info
[1.047s] -- Detecting CXX compiler ABI info - done
[1.080s] -- Check for working CXX compiler: /usr/bin/c++ - skipped
[1.081s] -- Detecting CXX compile features
[1.083s] -- Detecting CXX compile features - done
[1.094s] -- Found ament_cmake: 2.5.4 (/opt/ros/jazzy/share/ament_cmake/cmake)
[1.352s] -- Found Python3: /usr/bin/python3 (found version "3.12.3") found components: Interpreter 
[1.581s] -- Found ament_lint_auto: 0.17.3 (/opt/ros/jazzy/share/ament_lint_auto/cmake)
[1.843s] -- Added test 'lint_cmake' to check CMake code style
[1.848s] -- Added test 'xmllint' to check XML markup files
[1.854s] -- Configuring done (1.6s)
[1.866s] -- Generating done (0.0s)
[1.874s] -- Build files have been written to: /home/rishabh/smartbot_ws/build/smartsort_controllers
[1.883s] Invoked command in '/home/rishabh/smartbot_ws/build/smartsort_controllers' returned '0': CMAKE_PREFIX_PATH=${CMAKE_PREFIX_PATH}:/opt/ros/jazzy DEBUGINFOD_URLS=https://debuginfod.ubuntu.com /usr/bin/cmake /home/rishabh/smartbot_ws/src/smartsort_controllers -DCMAKE_INSTALL_PREFIX=/home/rishabh/smartbot_ws/install/smartsort_controllers
[1.885s] Invoking command in '/home/rishabh/smartbot_ws/build/smartsort_controllers': CMAKE_PREFIX_PATH=${CMAKE_PREFIX_PATH}:/opt/ros/jazzy DEBUGINFOD_URLS=https://debuginfod.ubuntu.com /usr/bin/cmake --build /home/rishabh/smartbot_ws/build/smartsort_controllers -- -j8 -l8
[1.975s] Invoked command in '/home/rishabh/smartbot_ws/build/smartsort_controllers' returned '0': CMAKE_PREFIX_PATH=${CMAKE_PREFIX_PATH}:/opt/ros/jazzy DEBUGINFOD_URLS=https://debuginfod.ubuntu.com /usr/bin/cmake --build /home/rishabh/smartbot_ws/build/smartsort_controllers -- -j8 -l8
[1.977s] Invoking command in '/home/rishabh/smartbot_ws/build/smartsort_controllers': CMAKE_PREFIX_PATH=${CMAKE_PREFIX_PATH}:/opt/ros/jazzy DEBUGINFOD_URLS=https://debuginfod.ubuntu.com /usr/bin/cmake --install /home/rishabh/smartbot_ws/build/smartsort_controllers
[2.005s] -- Install configuration: ""
[2.005s] -- Installing: /home/rishabh/smartbot_ws/install/smartsort_controllers/share/smartsort_controllers/config
[2.005s] -- Installing: /home/rishabh/smartbot_ws/install/smartsort_controllers/share/smartsort_controllers/config/controller_manager.yaml
[2.042s] -- Installing: /home/rishabh/smartbot_ws/install/smartsort_controllers/share/ament_index/resource_index/package_run_dependencies/smartsort_controllers
[2.043s] -- Installing: /home/rishabh/smartbot_ws/install/smartsort_controllers/share/ament_index/resource_index/parent_prefix_path/smartsort_controllers
[2.043s] -- Installing: /home/rishabh/smartbot_ws/install/smartsort_controllers/share/smartsort_controllers/environment/ament_prefix_path.sh
[2.044s] -- Installing: /home/rishabh/smartbot_ws/install/smartsort_controllers/share/smartsort_controllers/environment/ament_prefix_path.dsv
[2.044s] -- Installing: /home/rishabh/smartbot_ws/install/smartsort_controllers/share/smartsort_controllers/environment/path.sh
[2.045s] -- Installing: /home/rishabh/smartbot_ws/install/smartsort_controllers/share/smartsort_controllers/environment/path.dsv
[2.045s] -- Installing: /home/rishabh/smartbot_ws/install/smartsort_controllers/share/smartsort_controllers/local_setup.bash
[2.045s] -- Installing: /home/rishabh/smartbot_ws/install/smartsort_controllers/share/smartsort_controllers/local_setup.sh
[2.046s] -- Installing: /home/rishabh/smartbot_ws/install/smartsort_controllers/share/smartsort_controllers/local_setup.zsh
[2.046s] -- Installing: /home/rishabh/smartbot_ws/install/smartsort_controllers/share/smartsort_controllers/local_setup.dsv
[2.046s] -- Installing: /home/rishabh/smartbot_ws/install/smartsort_controllers/share/smartsort_controllers/package.dsv
[2.047s] -- Installing: /home/rishabh/smartbot_ws/install/smartsort_controllers/share/ament_index/resource_index/packages/smartsort_controllers
[2.047s] -- Installing: /home/rishabh/smartbot_ws/install/smartsort_controllers/share/smartsort_controllers/cmake/smartsort_controllersConfig.cmake
[2.048s] -- Installing: /home/rishabh/smartbot_ws/install/smartsort_controllers/share/smartsort_controllers/cmake/smartsort_controllersConfig-version.cmake
[2.048s] -- Installing: /home/rishabh/smartbot_ws/install/smartsort_controllers/share/smartsort_controllers/package.xml
[2.052s] Invoked command in '/home/rishabh/smartbot_ws/build/smartsort_controllers' returned '0': CMAKE_PREFIX_PATH=${CMAKE_PREFIX_PATH}:/opt/ros/jazzy DEBUGINFOD_URLS=https://debuginfod.ubuntu.com /usr/bin/cmake --install /home/rishabh/smartbot_ws/build/smartsort_controllers
