[0.128s] DEBUG:colcon:Command line arguments: ['/usr/bin/colcon', 'build']
[0.128s] DEBUG:colcon:Parsed command line arguments: Namespace(log_base=None, log_level=None, verb_name='build', build_base='build', install_base='install', merge_install=False, symlink_install=False, test_result_base=None, continue_on_error=False, executor='parallel', parallel_workers=8, event_handlers=None, ignore_user_meta=False, metas=['./colcon.meta'], base_paths=['.'], packages_ignore=None, packages_ignore_regex=None, paths=None, packages_up_to=None, packages_up_to_regex=None, packages_above=None, packages_above_and_dependencies=None, packages_above_depth=None, packages_select_by_dep=None, packages_skip_by_dep=None, packages_skip_up_to=None, packages_select_build_failed=False, packages_skip_build_finished=False, packages_select_test_failures=False, packages_skip_test_passed=False, packages_select=None, packages_skip=None, packages_select_regex=None, packages_skip_regex=None, packages_start=None, packages_end=None, allow_overriding=[], cmake_args=None, cmake_target=None, cmake_target_skip_unavailable=False, cmake_clean_cache=False, cmake_clean_first=False, cmake_force_configure=False, ament_cmake_args=None, catkin_cmake_args=None, catkin_skip_building_tests=False, mixin_files=None, mixin=None, verb_parser=<colcon_mixin.mixin.mixin_argument.MixinArgumentDecorator object at 0x7ed9b29a6240>, verb_extension=<colcon_core.verb.build.BuildVerb object at 0x7ed9b294c050>, main=<bound method BuildVerb.main of <colcon_core.verb.build.BuildVerb object at 0x7ed9b294c050>>, mixin_verb=('build',))
[0.291s] Level 1:colcon.colcon_core.package_discovery:discover_packages(colcon_meta) check parameters
[0.291s] Level 1:colcon.colcon_core.package_discovery:discover_packages(recursive) check parameters
[0.291s] Level 1:colcon.colcon_core.package_discovery:discover_packages(ignore) check parameters
[0.291s] Level 1:colcon.colcon_core.package_discovery:discover_packages(path) check parameters
[0.291s] Level 1:colcon.colcon_core.package_discovery:discover_packages(colcon_meta) discover
[0.291s] Level 1:colcon.colcon_core.package_discovery:discover_packages(recursive) discover
[0.291s] INFO:colcon.colcon_core.package_discovery:Crawling recursively for packages in '/home/rishabh/smartbot_ws'
[0.291s] Level 1:colcon.colcon_core.package_identification:_identify(.) by extensions ['ignore', 'ignore_ament_install']
[0.292s] Level 1:colcon.colcon_core.package_identification:_identify(.) by extension 'ignore'
[0.292s] Level 1:colcon.colcon_core.package_identification:_identify(.) by extension 'ignore_ament_install'
[0.292s] Level 1:colcon.colcon_core.package_identification:_identify(.) by extensions ['colcon_pkg']
[0.292s] Level 1:colcon.colcon_core.package_identification:_identify(.) by extension 'colcon_pkg'
[0.292s] Level 1:colcon.colcon_core.package_identification:_identify(.) by extensions ['colcon_meta']
[0.292s] Level 1:colcon.colcon_core.package_identification:_identify(.) by extension 'colcon_meta'
[0.292s] Level 1:colcon.colcon_core.package_identification:_identify(.) by extensions ['ros']
[0.292s] Level 1:colcon.colcon_core.package_identification:_identify(.) by extension 'ros'
[0.321s] Level 1:colcon.colcon_core.package_identification:_identify(.) by extensions ['cmake', 'python']
[0.321s] Level 1:colcon.colcon_core.package_identification:_identify(.) by extension 'cmake'
[0.321s] Level 1:colcon.colcon_core.package_identification:_identify(.) by extension 'python'
[0.321s] Level 1:colcon.colcon_core.package_identification:_identify(.) by extensions ['python_setup_py']
[0.321s] Level 1:colcon.colcon_core.package_identification:_identify(.) by extension 'python_setup_py'
[0.322s] Level 1:colcon.colcon_core.package_identification:_identify(build) by extensions ['ignore', 'ignore_ament_install']
[0.322s] Level 1:colcon.colcon_core.package_identification:_identify(build) by extension 'ignore'
[0.322s] Level 1:colcon.colcon_core.package_identification:_identify(build) ignored
[0.322s] Level 1:colcon.colcon_core.package_identification:_identify(install) by extensions ['ignore', 'ignore_ament_install']
[0.322s] Level 1:colcon.colcon_core.package_identification:_identify(install) by extension 'ignore'
[0.322s] Level 1:colcon.colcon_core.package_identification:_identify(install) ignored
[0.322s] Level 1:colcon.colcon_core.package_identification:_identify(log) by extensions ['ignore', 'ignore_ament_install']
[0.322s] Level 1:colcon.colcon_core.package_identification:_identify(log) by extension 'ignore'
[0.322s] Level 1:colcon.colcon_core.package_identification:_identify(log) ignored
[0.322s] Level 1:colcon.colcon_core.package_identification:_identify(src) by extensions ['ignore', 'ignore_ament_install']
[0.322s] Level 1:colcon.colcon_core.package_identification:_identify(src) by extension 'ignore'
[0.322s] Level 1:colcon.colcon_core.package_identification:_identify(src) by extension 'ignore_ament_install'
[0.322s] Level 1:colcon.colcon_core.package_identification:_identify(src) by extensions ['colcon_pkg']
[0.322s] Level 1:colcon.colcon_core.package_identification:_identify(src) by extension 'colcon_pkg'
[0.323s] Level 1:colcon.colcon_core.package_identification:_identify(src) by extensions ['colcon_meta']
[0.323s] Level 1:colcon.colcon_core.package_identification:_identify(src) by extension 'colcon_meta'
[0.323s] Level 1:colcon.colcon_core.package_identification:_identify(src) by extensions ['ros']
[0.323s] Level 1:colcon.colcon_core.package_identification:_identify(src) by extension 'ros'
[0.323s] Level 1:colcon.colcon_core.package_identification:_identify(src) by extensions ['cmake', 'python']
[0.323s] Level 1:colcon.colcon_core.package_identification:_identify(src) by extension 'cmake'
[0.323s] Level 1:colcon.colcon_core.package_identification:_identify(src) by extension 'python'
[0.323s] Level 1:colcon.colcon_core.package_identification:_identify(src) by extensions ['python_setup_py']
[0.323s] Level 1:colcon.colcon_core.package_identification:_identify(src) by extension 'python_setup_py'
[0.323s] Level 1:colcon.colcon_core.package_identification:_identify(src/smartbot_description) by extensions ['ignore', 'ignore_ament_install']
[0.323s] Level 1:colcon.colcon_core.package_identification:_identify(src/smartbot_description) by extension 'ignore'
[0.323s] Level 1:colcon.colcon_core.package_identification:_identify(src/smartbot_description) by extension 'ignore_ament_install'
[0.323s] Level 1:colcon.colcon_core.package_identification:_identify(src/smartbot_description) by extensions ['colcon_pkg']
[0.323s] Level 1:colcon.colcon_core.package_identification:_identify(src/smartbot_description) by extension 'colcon_pkg'
[0.323s] Level 1:colcon.colcon_core.package_identification:_identify(src/smartbot_description) by extensions ['colcon_meta']
[0.323s] Level 1:colcon.colcon_core.package_identification:_identify(src/smartbot_description) by extension 'colcon_meta'
[0.323s] Level 1:colcon.colcon_core.package_identification:_identify(src/smartbot_description) by extensions ['ros']
[0.323s] Level 1:colcon.colcon_core.package_identification:_identify(src/smartbot_description) by extension 'ros'
[0.326s] DEBUG:colcon.colcon_core.package_identification:Package 'src/smartbot_description' with type 'ros.ament_cmake' and name 'smartbot_description'
[0.326s] Level 1:colcon.colcon_core.package_identification:_identify(src/smartsort_controllers) by extensions ['ignore', 'ignore_ament_install']
[0.326s] Level 1:colcon.colcon_core.package_identification:_identify(src/smartsort_controllers) by extension 'ignore'
[0.326s] Level 1:colcon.colcon_core.package_identification:_identify(src/smartsort_controllers) by extension 'ignore_ament_install'
[0.326s] Level 1:colcon.colcon_core.package_identification:_identify(src/smartsort_controllers) by extensions ['colcon_pkg']
[0.326s] Level 1:colcon.colcon_core.package_identification:_identify(src/smartsort_controllers) by extension 'colcon_pkg'
[0.326s] Level 1:colcon.colcon_core.package_identification:_identify(src/smartsort_controllers) by extensions ['colcon_meta']
[0.326s] Level 1:colcon.colcon_core.package_identification:_identify(src/smartsort_controllers) by extension 'colcon_meta'
[0.326s] Level 1:colcon.colcon_core.package_identification:_identify(src/smartsort_controllers) by extensions ['ros']
[0.326s] Level 1:colcon.colcon_core.package_identification:_identify(src/smartsort_controllers) by extension 'ros'
[0.327s] DEBUG:colcon.colcon_core.package_identification:Package 'src/smartsort_controllers' with type 'ros.ament_cmake' and name 'smartsort_controllers'
[0.327s] Level 1:colcon.colcon_core.package_identification:_identify(src/smartsort_robot) by extensions ['ignore', 'ignore_ament_install']
[0.327s] Level 1:colcon.colcon_core.package_identification:_identify(src/smartsort_robot) by extension 'ignore'
[0.327s] Level 1:colcon.colcon_core.package_identification:_identify(src/smartsort_robot) by extension 'ignore_ament_install'
[0.327s] Level 1:colcon.colcon_core.package_identification:_identify(src/smartsort_robot) by extensions ['colcon_pkg']
[0.327s] Level 1:colcon.colcon_core.package_identification:_identify(src/smartsort_robot) by extension 'colcon_pkg'
[0.327s] Level 1:colcon.colcon_core.package_identification:_identify(src/smartsort_robot) by extensions ['colcon_meta']
[0.327s] Level 1:colcon.colcon_core.package_identification:_identify(src/smartsort_robot) by extension 'colcon_meta'
[0.327s] Level 1:colcon.colcon_core.package_identification:_identify(src/smartsort_robot) by extensions ['ros']
[0.327s] Level 1:colcon.colcon_core.package_identification:_identify(src/smartsort_robot) by extension 'ros'
[0.332s] DEBUG:colcon.colcon_core.package_identification:Package 'src/smartsort_robot' with type 'ros.ament_python' and name 'smartsort_robot'
[0.332s] Level 1:colcon.colcon_core.package_discovery:discover_packages(recursive) using defaults
[0.332s] Level 1:colcon.colcon_core.package_discovery:discover_packages(ignore) discover
[0.332s] Level 1:colcon.colcon_core.package_discovery:discover_packages(ignore) using defaults
[0.332s] Level 1:colcon.colcon_core.package_discovery:discover_packages(path) discover
[0.332s] Level 1:colcon.colcon_core.package_discovery:discover_packages(path) using defaults
[0.351s] Level 1:colcon.colcon_core.package_discovery:discover_packages(prefix_path) check parameters
[0.352s] Level 1:colcon.colcon_core.package_discovery:discover_packages(prefix_path) discover
[0.352s] WARNING:colcon.colcon_ros.prefix_path.ament:The path '/home/rishabh/smartbot_ws/install/smartsort_robot' in the environment variable AMENT_PREFIX_PATH doesn't exist
[0.353s] WARNING:colcon.colcon_ros.prefix_path.ament:The path '/home/rishabh/smartbot_ws/install/smartsort_controllers' in the environment variable AMENT_PREFIX_PATH doesn't exist
[0.353s] WARNING:colcon.colcon_ros.prefix_path.ament:The path '/home/rishabh/smartbot_ws/install/smartbot_description' in the environment variable AMENT_PREFIX_PATH doesn't exist
[0.353s] WARNING:colcon.colcon_ros.prefix_path.catkin:The path '/home/rishabh/smartbot_ws/install/smartsort_controllers' in the environment variable CMAKE_PREFIX_PATH doesn't exist
[0.353s] WARNING:colcon.colcon_ros.prefix_path.catkin:The path '/home/rishabh/smartbot_ws/install/smartbot_description' in the environment variable CMAKE_PREFIX_PATH doesn't exist
[0.355s] DEBUG:colcon.colcon_installed_package_information.package_discovery:Found 0 installed packages in /home/rishabh/smartbot_ws/install
[0.359s] DEBUG:colcon.colcon_installed_package_information.package_discovery:Found 518 installed packages in /opt/ros/jazzy
[0.361s] Level 1:colcon.colcon_core.package_discovery:discover_packages(prefix_path) using defaults
[0.458s] Level 5:colcon.colcon_core.verb:set package 'smartbot_description' build argument 'cmake_args' from command line to 'None'
[0.458s] Level 5:colcon.colcon_core.verb:set package 'smartbot_description' build argument 'cmake_target' from command line to 'None'
[0.458s] Level 5:colcon.colcon_core.verb:set package 'smartbot_description' build argument 'cmake_target_skip_unavailable' from command line to 'False'
[0.459s] Level 5:colcon.colcon_core.verb:set package 'smartbot_description' build argument 'cmake_clean_cache' from command line to 'False'
[0.459s] Level 5:colcon.colcon_core.verb:set package 'smartbot_description' build argument 'cmake_clean_first' from command line to 'False'
[0.459s] Level 5:colcon.colcon_core.verb:set package 'smartbot_description' build argument 'cmake_force_configure' from command line to 'False'
[0.459s] Level 5:colcon.colcon_core.verb:set package 'smartbot_description' build argument 'ament_cmake_args' from command line to 'None'
[0.459s] Level 5:colcon.colcon_core.verb:set package 'smartbot_description' build argument 'catkin_cmake_args' from command line to 'None'
[0.459s] Level 5:colcon.colcon_core.verb:set package 'smartbot_description' build argument 'catkin_skip_building_tests' from command line to 'False'
[0.459s] DEBUG:colcon.colcon_core.verb:Building package 'smartbot_description' with the following arguments: {'ament_cmake_args': None, 'build_base': '/home/rishabh/smartbot_ws/build/smartbot_description', 'catkin_cmake_args': None, 'catkin_skip_building_tests': False, 'cmake_args': None, 'cmake_clean_cache': False, 'cmake_clean_first': False, 'cmake_force_configure': False, 'cmake_target': None, 'cmake_target_skip_unavailable': False, 'install_base': '/home/rishabh/smartbot_ws/install/smartbot_description', 'merge_install': False, 'path': '/home/rishabh/smartbot_ws/src/smartbot_description', 'symlink_install': False, 'test_result_base': None}
[0.459s] Level 5:colcon.colcon_core.verb:set package 'smartsort_controllers' build argument 'cmake_args' from command line to 'None'
[0.459s] Level 5:colcon.colcon_core.verb:set package 'smartsort_controllers' build argument 'cmake_target' from command line to 'None'
[0.459s] Level 5:colcon.colcon_core.verb:set package 'smartsort_controllers' build argument 'cmake_target_skip_unavailable' from command line to 'False'
[0.459s] Level 5:colcon.colcon_core.verb:set package 'smartsort_controllers' build argument 'cmake_clean_cache' from command line to 'False'
[0.459s] Level 5:colcon.colcon_core.verb:set package 'smartsort_controllers' build argument 'cmake_clean_first' from command line to 'False'
[0.459s] Level 5:colcon.colcon_core.verb:set package 'smartsort_controllers' build argument 'cmake_force_configure' from command line to 'False'
[0.459s] Level 5:colcon.colcon_core.verb:set package 'smartsort_controllers' build argument 'ament_cmake_args' from command line to 'None'
[0.459s] Level 5:colcon.colcon_core.verb:set package 'smartsort_controllers' build argument 'catkin_cmake_args' from command line to 'None'
[0.459s] Level 5:colcon.colcon_core.verb:set package 'smartsort_controllers' build argument 'catkin_skip_building_tests' from command line to 'False'
[0.459s] DEBUG:colcon.colcon_core.verb:Building package 'smartsort_controllers' with the following arguments: {'ament_cmake_args': None, 'build_base': '/home/rishabh/smartbot_ws/build/smartsort_controllers', 'catkin_cmake_args': None, 'catkin_skip_building_tests': False, 'cmake_args': None, 'cmake_clean_cache': False, 'cmake_clean_first': False, 'cmake_force_configure': False, 'cmake_target': None, 'cmake_target_skip_unavailable': False, 'install_base': '/home/rishabh/smartbot_ws/install/smartsort_controllers', 'merge_install': False, 'path': '/home/rishabh/smartbot_ws/src/smartsort_controllers', 'symlink_install': False, 'test_result_base': None}
[0.460s] Level 5:colcon.colcon_core.verb:set package 'smartsort_robot' build argument 'cmake_args' from command line to 'None'
[0.460s] Level 5:colcon.colcon_core.verb:set package 'smartsort_robot' build argument 'cmake_target' from command line to 'None'
[0.460s] Level 5:colcon.colcon_core.verb:set package 'smartsort_robot' build argument 'cmake_target_skip_unavailable' from command line to 'False'
[0.460s] Level 5:colcon.colcon_core.verb:set package 'smartsort_robot' build argument 'cmake_clean_cache' from command line to 'False'
[0.460s] Level 5:colcon.colcon_core.verb:set package 'smartsort_robot' build argument 'cmake_clean_first' from command line to 'False'
[0.460s] Level 5:colcon.colcon_core.verb:set package 'smartsort_robot' build argument 'cmake_force_configure' from command line to 'False'
[0.460s] Level 5:colcon.colcon_core.verb:set package 'smartsort_robot' build argument 'ament_cmake_args' from command line to 'None'
[0.460s] Level 5:colcon.colcon_core.verb:set package 'smartsort_robot' build argument 'catkin_cmake_args' from command line to 'None'
[0.460s] Level 5:colcon.colcon_core.verb:set package 'smartsort_robot' build argument 'catkin_skip_building_tests' from command line to 'False'
[0.460s] DEBUG:colcon.colcon_core.verb:Building package 'smartsort_robot' with the following arguments: {'ament_cmake_args': None, 'build_base': '/home/rishabh/smartbot_ws/build/smartsort_robot', 'catkin_cmake_args': None, 'catkin_skip_building_tests': False, 'cmake_args': None, 'cmake_clean_cache': False, 'cmake_clean_first': False, 'cmake_force_configure': False, 'cmake_target': None, 'cmake_target_skip_unavailable': False, 'install_base': '/home/rishabh/smartbot_ws/install/smartsort_robot', 'merge_install': False, 'path': '/home/rishabh/smartbot_ws/src/smartsort_robot', 'symlink_install': False, 'test_result_base': None}
[0.460s] INFO:colcon.colcon_core.executor:Executing jobs using 'parallel' executor
[0.461s] DEBUG:colcon.colcon_parallel_executor.executor.parallel:run_until_complete
[0.461s] INFO:colcon.colcon_ros.task.ament_cmake.build:Building ROS package in '/home/rishabh/smartbot_ws/src/smartbot_description' with build type 'ament_cmake'
[0.461s] INFO:colcon.colcon_cmake.task.cmake.build:Building CMake package in '/home/rishabh/smartbot_ws/src/smartbot_description'
[0.464s] INFO:colcon.colcon_core.plugin_system:Skipping extension 'colcon_core.shell.bat': Not used on non-Windows systems
[0.464s] INFO:colcon.colcon_core.shell:Skip shell extension 'powershell' for command environment: Not usable outside of PowerShell
[0.464s] DEBUG:colcon.colcon_core.shell:Skip shell extension 'dsv' for command environment
[0.470s] INFO:colcon.colcon_ros.task.ament_cmake.build:Building ROS package in '/home/rishabh/smartbot_ws/src/smartsort_controllers' with build type 'ament_cmake'
[0.470s] INFO:colcon.colcon_cmake.task.cmake.build:Building CMake package in '/home/rishabh/smartbot_ws/src/smartsort_controllers'
[0.470s] INFO:colcon.colcon_core.shell:Skip shell extension 'powershell' for command environment: Not usable outside of PowerShell
[0.471s] DEBUG:colcon.colcon_core.shell:Skip shell extension 'dsv' for command environment
[0.476s] INFO:colcon.colcon_ros.task.ament_python.build:Building ROS package in '/home/rishabh/smartbot_ws/src/smartsort_robot' with build type 'ament_python'
[0.477s] Level 1:colcon.colcon_core.shell:create_environment_hook('smartsort_robot', 'ament_prefix_path')
[0.477s] INFO:colcon.colcon_core.shell:Creating environment hook '/home/rishabh/smartbot_ws/install/smartsort_robot/share/smartsort_robot/hook/ament_prefix_path.ps1'
[0.478s] INFO:colcon.colcon_core.shell:Creating environment descriptor '/home/rishabh/smartbot_ws/install/smartsort_robot/share/smartsort_robot/hook/ament_prefix_path.dsv'
[0.479s] INFO:colcon.colcon_core.shell:Creating environment hook '/home/rishabh/smartbot_ws/install/smartsort_robot/share/smartsort_robot/hook/ament_prefix_path.sh'
[0.479s] INFO:colcon.colcon_core.shell:Skip shell extension 'powershell' for command environment: Not usable outside of PowerShell
[0.479s] DEBUG:colcon.colcon_core.shell:Skip shell extension 'dsv' for command environment
[0.491s] DEBUG:colcon.colcon_core.event_handler.log_command:Invoking command in '/home/rishabh/smartbot_ws/build/smartbot_description': CMAKE_PREFIX_PATH=${CMAKE_PREFIX_PATH}:/home/rishabh/smartbot_ws/install/smartsort_robot:/opt/ros/jazzy DEBUGINFOD_URLS=https://debuginfod.ubuntu.com /usr/bin/cmake /home/rishabh/smartbot_ws/src/smartbot_description -DCMAKE_INSTALL_PREFIX=/home/rishabh/smartbot_ws/install/smartbot_description
[0.494s] DEBUG:colcon.colcon_core.event_handler.log_command:Invoking command in '/home/rishabh/smartbot_ws/build/smartsort_controllers': CMAKE_PREFIX_PATH=${CMAKE_PREFIX_PATH}:/home/rishabh/smartbot_ws/install/smartsort_robot:/opt/ros/jazzy DEBUGINFOD_URLS=https://debuginfod.ubuntu.com /usr/bin/cmake /home/rishabh/smartbot_ws/src/smartsort_controllers -DCMAKE_INSTALL_PREFIX=/home/rishabh/smartbot_ws/install/smartsort_controllers
[0.839s] INFO:colcon.colcon_core.task.python.build:Building Python package in '/home/rishabh/smartbot_ws/src/smartsort_robot'
[0.840s] INFO:colcon.colcon_core.shell:Skip shell extension 'powershell' for command environment: Not usable outside of PowerShell
[0.840s] DEBUG:colcon.colcon_core.shell:Skip shell extension 'dsv' for command environment
[1.848s] DEBUG:colcon.colcon_core.event_handler.log_command:Invoking command in '/home/rishabh/smartbot_ws/src/smartsort_robot': DEBUGINFOD_URLS=https://debuginfod.ubuntu.com PYTHONPATH=/home/rishabh/smartbot_ws/build/smartsort_robot/prefix_override:/usr/lib/python3/dist-packages/colcon_core/task/python/colcon_distutils_commands:/home/rishabh/smartbot_ws/install/smartsort_robot/lib/python3.12/site-packages:${PYTHONPATH} /usr/bin/python3 -W ignore:setup.py install is deprecated -W ignore:easy_install command is deprecated setup.py egg_info --egg-base ../../build/smartsort_robot build --build-base /home/rishabh/smartbot_ws/build/smartsort_robot/build install --record /home/rishabh/smartbot_ws/build/smartsort_robot/install.log --single-version-externally-managed install_data
[2.136s] DEBUG:colcon.colcon_core.event_handler.log_command:Invoked command in '/home/rishabh/smartbot_ws/build/smartbot_description' returned '0': CMAKE_PREFIX_PATH=${CMAKE_PREFIX_PATH}:/home/rishabh/smartbot_ws/install/smartsort_robot:/opt/ros/jazzy DEBUGINFOD_URLS=https://debuginfod.ubuntu.com /usr/bin/cmake /home/rishabh/smartbot_ws/src/smartbot_description -DCMAKE_INSTALL_PREFIX=/home/rishabh/smartbot_ws/install/smartbot_description
[2.138s] DEBUG:colcon.colcon_core.event_handler.log_command:Invoking command in '/home/rishabh/smartbot_ws/build/smartbot_description': CMAKE_PREFIX_PATH=${CMAKE_PREFIX_PATH}:/home/rishabh/smartbot_ws/install/smartsort_robot:/opt/ros/jazzy DEBUGINFOD_URLS=https://debuginfod.ubuntu.com /usr/bin/cmake --build /home/rishabh/smartbot_ws/build/smartbot_description -- -j8 -l8
[2.140s] DEBUG:colcon.colcon_core.event_handler.log_command:Invoked command in '/home/rishabh/smartbot_ws/build/smartsort_controllers' returned '0': CMAKE_PREFIX_PATH=${CMAKE_PREFIX_PATH}:/home/rishabh/smartbot_ws/install/smartsort_robot:/opt/ros/jazzy DEBUGINFOD_URLS=https://debuginfod.ubuntu.com /usr/bin/cmake /home/rishabh/smartbot_ws/src/smartsort_controllers -DCMAKE_INSTALL_PREFIX=/home/rishabh/smartbot_ws/install/smartsort_controllers
[2.143s] DEBUG:colcon.colcon_core.event_handler.log_command:Invoking command in '/home/rishabh/smartbot_ws/build/smartsort_controllers': CMAKE_PREFIX_PATH=${CMAKE_PREFIX_PATH}:/home/rishabh/smartbot_ws/install/smartsort_robot:/opt/ros/jazzy DEBUGINFOD_URLS=https://debuginfod.ubuntu.com /usr/bin/cmake --build /home/rishabh/smartbot_ws/build/smartsort_controllers -- -j8 -l8
[2.212s] DEBUG:colcon.colcon_core.event_handler.log_command:Invoked command in '/home/rishabh/smartbot_ws/build/smartbot_description' returned '0': CMAKE_PREFIX_PATH=${CMAKE_PREFIX_PATH}:/home/rishabh/smartbot_ws/install/smartsort_robot:/opt/ros/jazzy DEBUGINFOD_URLS=https://debuginfod.ubuntu.com /usr/bin/cmake --build /home/rishabh/smartbot_ws/build/smartbot_description -- -j8 -l8
[2.232s] DEBUG:colcon.colcon_core.event_handler.log_command:Invoking command in '/home/rishabh/smartbot_ws/build/smartbot_description': CMAKE_PREFIX_PATH=${CMAKE_PREFIX_PATH}:/home/rishabh/smartbot_ws/install/smartsort_robot:/opt/ros/jazzy DEBUGINFOD_URLS=https://debuginfod.ubuntu.com /usr/bin/cmake --install /home/rishabh/smartbot_ws/build/smartbot_description
[2.235s] DEBUG:colcon.colcon_core.event_handler.log_command:Invoked command in '/home/rishabh/smartbot_ws/build/smartsort_controllers' returned '0': CMAKE_PREFIX_PATH=${CMAKE_PREFIX_PATH}:/home/rishabh/smartbot_ws/install/smartsort_robot:/opt/ros/jazzy DEBUGINFOD_URLS=https://debuginfod.ubuntu.com /usr/bin/cmake --build /home/rishabh/smartbot_ws/build/smartsort_controllers -- -j8 -l8
[2.237s] DEBUG:colcon.colcon_core.event_handler.log_command:Invoking command in '/home/rishabh/smartbot_ws/build/smartsort_controllers': CMAKE_PREFIX_PATH=${CMAKE_PREFIX_PATH}:/home/rishabh/smartbot_ws/install/smartsort_robot:/opt/ros/jazzy DEBUGINFOD_URLS=https://debuginfod.ubuntu.com /usr/bin/cmake --install /home/rishabh/smartbot_ws/build/smartsort_controllers
[2.260s] Level 1:colcon.colcon_core.environment:create_environment_scripts_only(smartbot_description)
[2.262s] DEBUG:colcon.colcon_core.event_handler.log_command:Invoked command in '/home/rishabh/smartbot_ws/build/smartbot_description' returned '0': CMAKE_PREFIX_PATH=${CMAKE_PREFIX_PATH}:/home/rishabh/smartbot_ws/install/smartsort_robot:/opt/ros/jazzy DEBUGINFOD_URLS=https://debuginfod.ubuntu.com /usr/bin/cmake --install /home/rishabh/smartbot_ws/build/smartbot_description
[2.267s] Level 1:colcon.colcon_core.environment:checking '/home/rishabh/smartbot_ws/install/smartbot_description' for CMake module files
[2.268s] Level 1:colcon.colcon_core.environment:checking '/home/rishabh/smartbot_ws/install/smartbot_description' for CMake config files
[2.268s] Level 1:colcon.colcon_core.shell:create_environment_hook('smartbot_description', 'cmake_prefix_path')
[2.269s] INFO:colcon.colcon_core.shell:Creating environment hook '/home/rishabh/smartbot_ws/install/smartbot_description/share/smartbot_description/hook/cmake_prefix_path.ps1'
[2.270s] INFO:colcon.colcon_core.shell:Creating environment descriptor '/home/rishabh/smartbot_ws/install/smartbot_description/share/smartbot_description/hook/cmake_prefix_path.dsv'
[2.271s] INFO:colcon.colcon_core.shell:Creating environment hook '/home/rishabh/smartbot_ws/install/smartbot_description/share/smartbot_description/hook/cmake_prefix_path.sh'
[2.272s] Level 1:colcon.colcon_core.environment:checking '/home/rishabh/smartbot_ws/install/smartbot_description/bin'
[2.272s] Level 1:colcon.colcon_core.environment:checking '/home/rishabh/smartbot_ws/install/smartbot_description/lib/pkgconfig/smartbot_description.pc'
[2.272s] Level 1:colcon.colcon_core.environment:checking '/home/rishabh/smartbot_ws/install/smartbot_description/lib/python3.12/site-packages'
[2.273s] Level 1:colcon.colcon_core.environment:checking '/home/rishabh/smartbot_ws/install/smartbot_description/bin'
[2.273s] INFO:colcon.colcon_core.shell:Creating package script '/home/rishabh/smartbot_ws/install/smartbot_description/share/smartbot_description/package.ps1'
[2.274s] INFO:colcon.colcon_core.shell:Creating package descriptor '/home/rishabh/smartbot_ws/install/smartbot_description/share/smartbot_description/package.dsv'
[2.275s] INFO:colcon.colcon_core.shell:Creating package script '/home/rishabh/smartbot_ws/install/smartbot_description/share/smartbot_description/package.sh'
[2.276s] INFO:colcon.colcon_core.shell:Creating package script '/home/rishabh/smartbot_ws/install/smartbot_description/share/smartbot_description/package.bash'
[2.276s] INFO:colcon.colcon_core.shell:Creating package script '/home/rishabh/smartbot_ws/install/smartbot_description/share/smartbot_description/package.zsh'
[2.277s] Level 1:colcon.colcon_core.environment:create_file_with_runtime_dependencies(/home/rishabh/smartbot_ws/install/smartbot_description/share/colcon-core/packages/smartbot_description)
[2.278s] Level 1:colcon.colcon_core.environment:create_environment_scripts_only(smartbot_description)
[2.278s] Level 1:colcon.colcon_core.environment:checking '/home/rishabh/smartbot_ws/install/smartbot_description' for CMake module files
[2.279s] Level 1:colcon.colcon_core.environment:checking '/home/rishabh/smartbot_ws/install/smartbot_description' for CMake config files
[2.279s] Level 1:colcon.colcon_core.shell:create_environment_hook('smartbot_description', 'cmake_prefix_path')
[2.279s] INFO:colcon.colcon_core.shell:Creating environment hook '/home/rishabh/smartbot_ws/install/smartbot_description/share/smartbot_description/hook/cmake_prefix_path.ps1'
[2.280s] INFO:colcon.colcon_core.shell:Creating environment descriptor '/home/rishabh/smartbot_ws/install/smartbot_description/share/smartbot_description/hook/cmake_prefix_path.dsv'
[2.280s] INFO:colcon.colcon_core.shell:Creating environment hook '/home/rishabh/smartbot_ws/install/smartbot_description/share/smartbot_description/hook/cmake_prefix_path.sh'
[2.281s] Level 1:colcon.colcon_core.environment:checking '/home/rishabh/smartbot_ws/install/smartbot_description/bin'
[2.281s] Level 1:colcon.colcon_core.environment:checking '/home/rishabh/smartbot_ws/install/smartbot_description/lib/pkgconfig/smartbot_description.pc'
[2.281s] Level 1:colcon.colcon_core.environment:checking '/home/rishabh/smartbot_ws/install/smartbot_description/lib/python3.12/site-packages'
[2.282s] Level 1:colcon.colcon_core.environment:checking '/home/rishabh/smartbot_ws/install/smartbot_description/bin'
[2.282s] INFO:colcon.colcon_core.shell:Creating package script '/home/rishabh/smartbot_ws/install/smartbot_description/share/smartbot_description/package.ps1'
[2.283s] INFO:colcon.colcon_core.shell:Creating package descriptor '/home/rishabh/smartbot_ws/install/smartbot_description/share/smartbot_description/package.dsv'
[2.293s] INFO:colcon.colcon_core.shell:Creating package script '/home/rishabh/smartbot_ws/install/smartbot_description/share/smartbot_description/package.sh'
[2.296s] INFO:colcon.colcon_core.shell:Creating package script '/home/rishabh/smartbot_ws/install/smartbot_description/share/smartbot_description/package.bash'
[2.300s] INFO:colcon.colcon_core.shell:Creating package script '/home/rishabh/smartbot_ws/install/smartbot_description/share/smartbot_description/package.zsh'
[2.301s] Level 1:colcon.colcon_core.environment:create_file_with_runtime_dependencies(/home/rishabh/smartbot_ws/install/smartbot_description/share/colcon-core/packages/smartbot_description)
[2.303s] Level 1:colcon.colcon_core.environment:create_environment_scripts_only(smartsort_controllers)
[2.304s] DEBUG:colcon.colcon_core.event_handler.log_command:Invoked command in '/home/rishabh/smartbot_ws/build/smartsort_controllers' returned '0': CMAKE_PREFIX_PATH=${CMAKE_PREFIX_PATH}:/home/rishabh/smartbot_ws/install/smartsort_robot:/opt/ros/jazzy DEBUGINFOD_URLS=https://debuginfod.ubuntu.com /usr/bin/cmake --install /home/rishabh/smartbot_ws/build/smartsort_controllers
[2.304s] Level 1:colcon.colcon_core.environment:checking '/home/rishabh/smartbot_ws/install/smartsort_controllers' for CMake module files
[2.306s] Level 1:colcon.colcon_core.environment:checking '/home/rishabh/smartbot_ws/install/smartsort_controllers' for CMake config files
[2.307s] Level 1:colcon.colcon_core.shell:create_environment_hook('smartsort_controllers', 'cmake_prefix_path')
[2.308s] INFO:colcon.colcon_core.shell:Creating environment hook '/home/rishabh/smartbot_ws/install/smartsort_controllers/share/smartsort_controllers/hook/cmake_prefix_path.ps1'
[2.309s] INFO:colcon.colcon_core.shell:Creating environment descriptor '/home/rishabh/smartbot_ws/install/smartsort_controllers/share/smartsort_controllers/hook/cmake_prefix_path.dsv'
[2.310s] INFO:colcon.colcon_core.shell:Creating environment hook '/home/rishabh/smartbot_ws/install/smartsort_controllers/share/smartsort_controllers/hook/cmake_prefix_path.sh'
[2.311s] Level 1:colcon.colcon_core.environment:checking '/home/rishabh/smartbot_ws/install/smartsort_controllers/bin'
[2.311s] Level 1:colcon.colcon_core.environment:checking '/home/rishabh/smartbot_ws/install/smartsort_controllers/lib/pkgconfig/smartsort_controllers.pc'
[2.312s] Level 1:colcon.colcon_core.environment:checking '/home/rishabh/smartbot_ws/install/smartsort_controllers/lib/python3.12/site-packages'
[2.313s] Level 1:colcon.colcon_core.environment:checking '/home/rishabh/smartbot_ws/install/smartsort_controllers/bin'
[2.314s] INFO:colcon.colcon_core.shell:Creating package script '/home/rishabh/smartbot_ws/install/smartsort_controllers/share/smartsort_controllers/package.ps1'
[2.315s] INFO:colcon.colcon_core.shell:Creating package descriptor '/home/rishabh/smartbot_ws/install/smartsort_controllers/share/smartsort_controllers/package.dsv'
[2.316s] INFO:colcon.colcon_core.shell:Creating package script '/home/rishabh/smartbot_ws/install/smartsort_controllers/share/smartsort_controllers/package.sh'
[2.317s] INFO:colcon.colcon_core.shell:Creating package script '/home/rishabh/smartbot_ws/install/smartsort_controllers/share/smartsort_controllers/package.bash'
[2.318s] INFO:colcon.colcon_core.shell:Creating package script '/home/rishabh/smartbot_ws/install/smartsort_controllers/share/smartsort_controllers/package.zsh'
[2.318s] Level 1:colcon.colcon_core.environment:create_file_with_runtime_dependencies(/home/rishabh/smartbot_ws/install/smartsort_controllers/share/colcon-core/packages/smartsort_controllers)
[2.320s] Level 1:colcon.colcon_core.environment:create_environment_scripts_only(smartsort_controllers)
[2.320s] Level 1:colcon.colcon_core.environment:checking '/home/rishabh/smartbot_ws/install/smartsort_controllers' for CMake module files
[2.322s] Level 1:colcon.colcon_core.environment:checking '/home/rishabh/smartbot_ws/install/smartsort_controllers' for CMake config files
[2.322s] Level 1:colcon.colcon_core.shell:create_environment_hook('smartsort_controllers', 'cmake_prefix_path')
[2.323s] INFO:colcon.colcon_core.shell:Creating environment hook '/home/rishabh/smartbot_ws/install/smartsort_controllers/share/smartsort_controllers/hook/cmake_prefix_path.ps1'
[2.324s] INFO:colcon.colcon_core.shell:Creating environment descriptor '/home/rishabh/smartbot_ws/install/smartsort_controllers/share/smartsort_controllers/hook/cmake_prefix_path.dsv'
[2.325s] INFO:colcon.colcon_core.shell:Creating environment hook '/home/rishabh/smartbot_ws/install/smartsort_controllers/share/smartsort_controllers/hook/cmake_prefix_path.sh'
[2.326s] Level 1:colcon.colcon_core.environment:checking '/home/rishabh/smartbot_ws/install/smartsort_controllers/bin'
[2.327s] Level 1:colcon.colcon_core.environment:checking '/home/rishabh/smartbot_ws/install/smartsort_controllers/lib/pkgconfig/smartsort_controllers.pc'
[2.328s] Level 1:colcon.colcon_core.environment:checking '/home/rishabh/smartbot_ws/install/smartsort_controllers/lib/python3.12/site-packages'
[2.329s] Level 1:colcon.colcon_core.environment:checking '/home/rishabh/smartbot_ws/install/smartsort_controllers/bin'
[2.330s] INFO:colcon.colcon_core.shell:Creating package script '/home/rishabh/smartbot_ws/install/smartsort_controllers/share/smartsort_controllers/package.ps1'
[2.331s] INFO:colcon.colcon_core.shell:Creating package descriptor '/home/rishabh/smartbot_ws/install/smartsort_controllers/share/smartsort_controllers/package.dsv'
[2.332s] INFO:colcon.colcon_core.shell:Creating package script '/home/rishabh/smartbot_ws/install/smartsort_controllers/share/smartsort_controllers/package.sh'
[2.332s] INFO:colcon.colcon_core.shell:Creating package script '/home/rishabh/smartbot_ws/install/smartsort_controllers/share/smartsort_controllers/package.bash'
[2.333s] INFO:colcon.colcon_core.shell:Creating package script '/home/rishabh/smartbot_ws/install/smartsort_controllers/share/smartsort_controllers/package.zsh'
[2.334s] Level 1:colcon.colcon_core.environment:create_file_with_runtime_dependencies(/home/rishabh/smartbot_ws/install/smartsort_controllers/share/colcon-core/packages/smartsort_controllers)
[2.751s] Level 1:colcon.colcon_core.environment:checking '/home/rishabh/smartbot_ws/install/smartsort_robot' for CMake module files
[2.752s] DEBUG:colcon.colcon_core.event_handler.log_command:Invoked command in '/home/rishabh/smartbot_ws/src/smartsort_robot' returned '0': DEBUGINFOD_URLS=https://debuginfod.ubuntu.com PYTHONPATH=/home/rishabh/smartbot_ws/build/smartsort_robot/prefix_override:/usr/lib/python3/dist-packages/colcon_core/task/python/colcon_distutils_commands:/home/rishabh/smartbot_ws/install/smartsort_robot/lib/python3.12/site-packages:${PYTHONPATH} /usr/bin/python3 -W ignore:setup.py install is deprecated -W ignore:easy_install command is deprecated setup.py egg_info --egg-base ../../build/smartsort_robot build --build-base /home/rishabh/smartbot_ws/build/smartsort_robot/build install --record /home/rishabh/smartbot_ws/build/smartsort_robot/install.log --single-version-externally-managed install_data
[2.753s] Level 1:colcon.colcon_core.environment:checking '/home/rishabh/smartbot_ws/install/smartsort_robot' for CMake config files
[2.755s] Level 1:colcon.colcon_core.environment:checking '/home/rishabh/smartbot_ws/install/smartsort_robot/lib'
[2.755s] Level 1:colcon.colcon_core.environment:checking '/home/rishabh/smartbot_ws/install/smartsort_robot/bin'
[2.755s] Level 1:colcon.colcon_core.environment:checking '/home/rishabh/smartbot_ws/install/smartsort_robot/lib/pkgconfig/smartsort_robot.pc'
[2.756s] Level 1:colcon.colcon_core.environment:checking '/home/rishabh/smartbot_ws/install/smartsort_robot/lib/python3.12/site-packages'
[2.756s] Level 1:colcon.colcon_core.shell:create_environment_hook('smartsort_robot', 'pythonpath')
[2.757s] INFO:colcon.colcon_core.shell:Creating environment hook '/home/rishabh/smartbot_ws/install/smartsort_robot/share/smartsort_robot/hook/pythonpath.ps1'
[2.758s] INFO:colcon.colcon_core.shell:Creating environment descriptor '/home/rishabh/smartbot_ws/install/smartsort_robot/share/smartsort_robot/hook/pythonpath.dsv'
[2.758s] INFO:colcon.colcon_core.shell:Creating environment hook '/home/rishabh/smartbot_ws/install/smartsort_robot/share/smartsort_robot/hook/pythonpath.sh'
[2.760s] Level 1:colcon.colcon_core.environment:checking '/home/rishabh/smartbot_ws/install/smartsort_robot/bin'
[2.760s] Level 1:colcon.colcon_core.environment:create_environment_scripts_only(smartsort_robot)
[2.761s] INFO:colcon.colcon_core.shell:Creating package script '/home/rishabh/smartbot_ws/install/smartsort_robot/share/smartsort_robot/package.ps1'
[2.762s] INFO:colcon.colcon_core.shell:Creating package descriptor '/home/rishabh/smartbot_ws/install/smartsort_robot/share/smartsort_robot/package.dsv'
[2.762s] INFO:colcon.colcon_core.shell:Creating package script '/home/rishabh/smartbot_ws/install/smartsort_robot/share/smartsort_robot/package.sh'
[2.763s] INFO:colcon.colcon_core.shell:Creating package script '/home/rishabh/smartbot_ws/install/smartsort_robot/share/smartsort_robot/package.bash'
[2.764s] INFO:colcon.colcon_core.shell:Creating package script '/home/rishabh/smartbot_ws/install/smartsort_robot/share/smartsort_robot/package.zsh'
[2.765s] Level 1:colcon.colcon_core.environment:create_file_with_runtime_dependencies(/home/rishabh/smartbot_ws/install/smartsort_robot/share/colcon-core/packages/smartsort_robot)
[2.765s] DEBUG:colcon.colcon_parallel_executor.executor.parallel:closing loop
[2.766s] DEBUG:colcon.colcon_parallel_executor.executor.parallel:loop closed
[2.766s] DEBUG:colcon.colcon_parallel_executor.executor.parallel:run_until_complete finished with '0'
[2.766s] DEBUG:colcon.colcon_core.event_reactor:joining thread
[2.786s] INFO:colcon.colcon_core.plugin_system:Skipping extension 'colcon_notification.desktop_notification.terminal_notifier': Not used on non-Darwin systems
[2.786s] INFO:colcon.colcon_core.plugin_system:Skipping extension 'colcon_notification.desktop_notification.win32': Not used on non-Windows systems
[2.786s] INFO:colcon.colcon_notification.desktop_notification:Sending desktop notification using 'notify2'
[2.826s] DEBUG:colcon.colcon_core.event_reactor:joined thread
[2.826s] INFO:colcon.colcon_core.shell:Creating prefix script '/home/rishabh/smartbot_ws/install/local_setup.ps1'
[2.829s] INFO:colcon.colcon_core.shell:Creating prefix util module '/home/rishabh/smartbot_ws/install/_local_setup_util_ps1.py'
[2.833s] INFO:colcon.colcon_core.shell:Creating prefix chain script '/home/rishabh/smartbot_ws/install/setup.ps1'
[2.837s] INFO:colcon.colcon_core.shell:Creating prefix script '/home/rishabh/smartbot_ws/install/local_setup.sh'
[2.838s] INFO:colcon.colcon_core.shell:Creating prefix util module '/home/rishabh/smartbot_ws/install/_local_setup_util_sh.py'
[2.840s] INFO:colcon.colcon_core.shell:Creating prefix chain script '/home/rishabh/smartbot_ws/install/setup.sh'
[2.843s] INFO:colcon.colcon_core.shell:Creating prefix script '/home/rishabh/smartbot_ws/install/local_setup.bash'
[2.845s] INFO:colcon.colcon_core.shell:Creating prefix chain script '/home/rishabh/smartbot_ws/install/setup.bash'
[2.848s] INFO:colcon.colcon_core.shell:Creating prefix script '/home/rishabh/smartbot_ws/install/local_setup.zsh'
[2.850s] INFO:colcon.colcon_core.shell:Creating prefix chain script '/home/rishabh/smartbot_ws/install/setup.zsh'
