-- The C compiler identification is GNU 13.3.0
-- The CXX compiler identification is GNU 13.3.0
-- Detecting C compiler ABI info
-- Detecting C compiler ABI info - done
-- Check for working C compiler: /usr/bin/cc - skipped
-- Detecting C compile features
-- Detecting C compile features - done
-- Detecting CXX compiler ABI info
-- Detecting CXX compiler ABI info - done
-- Check for working CXX compiler: /usr/bin/c++ - skipped
-- Detecting CXX compile features
-- Detecting CXX compile features - done
-- Found ament_cmake: 2.5.4 (/opt/ros/jazzy/share/ament_cmake/cmake)
-- Found Python3: /usr/bin/python3 (found version "3.12.3") found components: Interpreter 
-- Override CMake install command with custom implementation using symlinks instead of copying resources
-- Found ament_lint_auto: 0.17.3 (/opt/ros/jazzy/share/ament_lint_auto/cmake)
-- Added test 'lint_cmake' to check CMake code style
-- Added test 'xmllint' to check XML markup files
-- Configuring done (3.2s)
-- Generating done (0.0s)
-- Build files have been written to: /home/rishabh/smartbot_ws/build/smartsort_controllers
-- Install configuration: ""
-- Execute custom install script
-- Symlinking: /home/rishabh/smartbot_ws/install/smartsort_controllers/share/ament_index/resource_index/package_run_dependencies/smartsort_controllers
-- Symlinking: /home/rishabh/smartbot_ws/install/smartsort_controllers/share/ament_index/resource_index/parent_prefix_path/smartsort_controllers
-- Symlinking: /home/rishabh/smartbot_ws/install/smartsort_controllers/share/smartsort_controllers/environment/ament_prefix_path.sh
-- Symlinking: /home/rishabh/smartbot_ws/install/smartsort_controllers/share/smartsort_controllers/environment/ament_prefix_path.dsv
-- Symlinking: /home/rishabh/smartbot_ws/install/smartsort_controllers/share/smartsort_controllers/environment/path.sh
-- Symlinking: /home/rishabh/smartbot_ws/install/smartsort_controllers/share/smartsort_controllers/environment/path.dsv
-- Symlinking: /home/rishabh/smartbot_ws/install/smartsort_controllers/share/smartsort_controllers/local_setup.bash
-- Symlinking: /home/rishabh/smartbot_ws/install/smartsort_controllers/share/smartsort_controllers/local_setup.sh
-- Symlinking: /home/rishabh/smartbot_ws/install/smartsort_controllers/share/smartsort_controllers/local_setup.zsh
-- Symlinking: /home/rishabh/smartbot_ws/install/smartsort_controllers/share/smartsort_controllers/local_setup.dsv
-- Symlinking: /home/rishabh/smartbot_ws/install/smartsort_controllers/share/smartsort_controllers/package.dsv
-- Symlinking: /home/rishabh/smartbot_ws/install/smartsort_controllers/share/ament_index/resource_index/packages/smartsort_controllers
-- Symlinking: /home/rishabh/smartbot_ws/install/smartsort_controllers/share/smartsort_controllers/cmake/smartsort_controllersConfig.cmake
-- Symlinking: /home/rishabh/smartbot_ws/install/smartsort_controllers/share/smartsort_controllers/cmake/smartsort_controllersConfig-version.cmake
-- Symlinking: /home/rishabh/smartbot_ws/install/smartsort_controllers/share/smartsort_controllers/package.xml
