[0.037s] Invoking command in '/home/rishabh/smartbot_ws/build/smartsort_controllers': CMAKE_PREFIX_PATH=${CMAKE_PREFIX_PATH}:/opt/ros/jazzy DEBUGINFOD_URLS=https://debuginfod.ubuntu.com /usr/bin/cmake /home/rishabh/smartbot_ws/src/smartsort_controllers -DAMENT_CMAKE_SYMLINK_INSTALL=1 -DCMAKE_INSTALL_PREFIX=/home/rishabh/smartbot_ws/install/smartsort_controllers
[0.195s] -- The C compiler identification is GNU 13.3.0
[0.391s] -- The CXX compiler identification is GNU 13.3.0
[0.448s] -- Detecting C compiler ABI info
[0.788s] -- Detecting C compiler ABI info - done
[0.819s] -- Check for working C compiler: /usr/bin/cc - skipped
[0.819s] -- Detecting C compile features
[0.820s] -- Detecting C compile features - done
[0.854s] -- Detecting CXX compiler ABI info
[1.258s] -- Detecting CXX compiler ABI info - done
[1.298s] -- Check for working CXX compiler: /usr/bin/c++ - skipped
[1.299s] -- Detecting CXX compile features
[1.301s] -- Detecting CXX compile features - done
[1.320s] -- Found ament_cmake: 2.5.4 (/opt/ros/jazzy/share/ament_cmake/cmake)
[2.072s] -- Found Python3: /usr/bin/python3 (found version "3.12.3") found components: Interpreter 
[2.406s] -- Override CMake install command with custom implementation using symlinks instead of copying resources
[2.696s] -- Found ament_lint_auto: 0.17.3 (/opt/ros/jazzy/share/ament_lint_auto/cmake)
[3.194s] -- Added test 'lint_cmake' to check CMake code style
[3.199s] -- Added test 'xmllint' to check XML markup files
[3.208s] -- Configuring done (3.2s)
[3.221s] -- Generating done (0.0s)
[3.228s] -- Build files have been written to: /home/rishabh/smartbot_ws/build/smartsort_controllers
[3.251s] Invoked command in '/home/rishabh/smartbot_ws/build/smartsort_controllers' returned '0': CMAKE_PREFIX_PATH=${CMAKE_PREFIX_PATH}:/opt/ros/jazzy DEBUGINFOD_URLS=https://debuginfod.ubuntu.com /usr/bin/cmake /home/rishabh/smartbot_ws/src/smartsort_controllers -DAMENT_CMAKE_SYMLINK_INSTALL=1 -DCMAKE_INSTALL_PREFIX=/home/rishabh/smartbot_ws/install/smartsort_controllers
[3.252s] Invoking command in '/home/rishabh/smartbot_ws/build/smartsort_controllers': CMAKE_PREFIX_PATH=${CMAKE_PREFIX_PATH}:/opt/ros/jazzy DEBUGINFOD_URLS=https://debuginfod.ubuntu.com /usr/bin/cmake --build /home/rishabh/smartbot_ws/build/smartsort_controllers -- -j8 -l8
[3.403s] Invoked command in '/home/rishabh/smartbot_ws/build/smartsort_controllers' returned '0': CMAKE_PREFIX_PATH=${CMAKE_PREFIX_PATH}:/opt/ros/jazzy DEBUGINFOD_URLS=https://debuginfod.ubuntu.com /usr/bin/cmake --build /home/rishabh/smartbot_ws/build/smartsort_controllers -- -j8 -l8
[3.434s] Invoking command in '/home/rishabh/smartbot_ws/build/smartsort_controllers': CMAKE_PREFIX_PATH=${CMAKE_PREFIX_PATH}:/opt/ros/jazzy DEBUGINFOD_URLS=https://debuginfod.ubuntu.com /usr/bin/cmake --install /home/rishabh/smartbot_ws/build/smartsort_controllers
[3.461s] -- Install configuration: ""
[3.462s] -- Execute custom install script
[3.463s] -- Symlinking: /home/rishabh/smartbot_ws/install/smartsort_controllers/share/ament_index/resource_index/package_run_dependencies/smartsort_controllers
[3.499s] -- Symlinking: /home/rishabh/smartbot_ws/install/smartsort_controllers/share/ament_index/resource_index/parent_prefix_path/smartsort_controllers
[3.533s] -- Symlinking: /home/rishabh/smartbot_ws/install/smartsort_controllers/share/smartsort_controllers/environment/ament_prefix_path.sh
[3.562s] -- Symlinking: /home/rishabh/smartbot_ws/install/smartsort_controllers/share/smartsort_controllers/environment/ament_prefix_path.dsv
[3.590s] -- Symlinking: /home/rishabh/smartbot_ws/install/smartsort_controllers/share/smartsort_controllers/environment/path.sh
[3.618s] -- Symlinking: /home/rishabh/smartbot_ws/install/smartsort_controllers/share/smartsort_controllers/environment/path.dsv
[3.645s] -- Symlinking: /home/rishabh/smartbot_ws/install/smartsort_controllers/share/smartsort_controllers/local_setup.bash
[3.672s] -- Symlinking: /home/rishabh/smartbot_ws/install/smartsort_controllers/share/smartsort_controllers/local_setup.sh
[3.699s] -- Symlinking: /home/rishabh/smartbot_ws/install/smartsort_controllers/share/smartsort_controllers/local_setup.zsh
[3.733s] -- Symlinking: /home/rishabh/smartbot_ws/install/smartsort_controllers/share/smartsort_controllers/local_setup.dsv
[3.756s] -- Symlinking: /home/rishabh/smartbot_ws/install/smartsort_controllers/share/smartsort_controllers/package.dsv
[3.782s] -- Symlinking: /home/rishabh/smartbot_ws/install/smartsort_controllers/share/ament_index/resource_index/packages/smartsort_controllers
[3.809s] -- Symlinking: /home/rishabh/smartbot_ws/install/smartsort_controllers/share/smartsort_controllers/cmake/smartsort_controllersConfig.cmake
[3.838s] -- Symlinking: /home/rishabh/smartbot_ws/install/smartsort_controllers/share/smartsort_controllers/cmake/smartsort_controllersConfig-version.cmake
[3.864s] -- Symlinking: /home/rishabh/smartbot_ws/install/smartsort_controllers/share/smartsort_controllers/package.xml
[3.897s] Invoked command in '/home/rishabh/smartbot_ws/build/smartsort_controllers' returned '0': CMAKE_PREFIX_PATH=${CMAKE_PREFIX_PATH}:/opt/ros/jazzy DEBUGINFOD_URLS=https://debuginfod.ubuntu.com /usr/bin/cmake --install /home/rishabh/smartbot_ws/build/smartsort_controllers
