[0.212s] DEBUG:colcon:Command line arguments: ['/usr/bin/colcon', 'build', '--symlink-install']
[0.213s] DEBUG:colcon:Parsed command line arguments: Namespace(log_base=None, log_level=None, verb_name='build', build_base='build', install_base='install', merge_install=False, symlink_install=True, test_result_base=None, continue_on_error=False, executor='parallel', parallel_workers=8, event_handlers=None, ignore_user_meta=False, metas=['./colcon.meta'], base_paths=['.'], packages_ignore=None, packages_ignore_regex=None, paths=None, packages_up_to=None, packages_up_to_regex=None, packages_above=None, packages_above_and_dependencies=None, packages_above_depth=None, packages_select_by_dep=None, packages_skip_by_dep=None, packages_skip_up_to=None, packages_select_build_failed=False, packages_skip_build_finished=False, packages_select_test_failures=False, packages_skip_test_passed=False, packages_select=None, packages_skip=None, packages_select_regex=None, packages_skip_regex=None, packages_start=None, packages_end=None, allow_overriding=[], cmake_args=None, cmake_target=None, cmake_target_skip_unavailable=False, cmake_clean_cache=False, cmake_clean_first=False, cmake_force_configure=False, ament_cmake_args=None, catkin_cmake_args=None, catkin_skip_building_tests=False, mixin_files=None, mixin=None, verb_parser=<colcon_mixin.mixin.mixin_argument.MixinArgumentDecorator object at 0x78db68eb1ee0>, verb_extension=<colcon_core.verb.build.BuildVerb object at 0x78db68e2bcb0>, main=<bound method BuildVerb.main of <colcon_core.verb.build.BuildVerb object at 0x78db68e2bcb0>>, mixin_verb=('build',))
[0.287s] Level 1:colcon.colcon_core.package_discovery:discover_packages(colcon_meta) check parameters
[0.287s] Level 1:colcon.colcon_core.package_discovery:discover_packages(recursive) check parameters
[0.287s] Level 1:colcon.colcon_core.package_discovery:discover_packages(ignore) check parameters
[0.287s] Level 1:colcon.colcon_core.package_discovery:discover_packages(path) check parameters
[0.287s] Level 1:colcon.colcon_core.package_discovery:discover_packages(colcon_meta) discover
[0.287s] Level 1:colcon.colcon_core.package_discovery:discover_packages(recursive) discover
[0.287s] INFO:colcon.colcon_core.package_discovery:Crawling recursively for packages in '/home/rishabh/smartbot_ws'
[0.288s] Level 1:colcon.colcon_core.package_identification:_identify(.) by extensions ['ignore', 'ignore_ament_install']
[0.288s] Level 1:colcon.colcon_core.package_identification:_identify(.) by extension 'ignore'
[0.288s] Level 1:colcon.colcon_core.package_identification:_identify(.) by extension 'ignore_ament_install'
[0.288s] Level 1:colcon.colcon_core.package_identification:_identify(.) by extensions ['colcon_pkg']
[0.288s] Level 1:colcon.colcon_core.package_identification:_identify(.) by extension 'colcon_pkg'
[0.288s] Level 1:colcon.colcon_core.package_identification:_identify(.) by extensions ['colcon_meta']
[0.288s] Level 1:colcon.colcon_core.package_identification:_identify(.) by extension 'colcon_meta'
[0.288s] Level 1:colcon.colcon_core.package_identification:_identify(.) by extensions ['ros']
[0.288s] Level 1:colcon.colcon_core.package_identification:_identify(.) by extension 'ros'
[0.336s] Level 1:colcon.colcon_core.package_identification:_identify(.) by extensions ['cmake', 'python']
[0.336s] Level 1:colcon.colcon_core.package_identification:_identify(.) by extension 'cmake'
[0.336s] Level 1:colcon.colcon_core.package_identification:_identify(.) by extension 'python'
[0.337s] Level 1:colcon.colcon_core.package_identification:_identify(.) by extensions ['python_setup_py']
[0.337s] Level 1:colcon.colcon_core.package_identification:_identify(.) by extension 'python_setup_py'
[0.337s] Level 1:colcon.colcon_core.package_identification:_identify(build) by extensions ['ignore', 'ignore_ament_install']
[0.337s] Level 1:colcon.colcon_core.package_identification:_identify(build) by extension 'ignore'
[0.337s] Level 1:colcon.colcon_core.package_identification:_identify(build) ignored
[0.337s] Level 1:colcon.colcon_core.package_identification:_identify(install) by extensions ['ignore', 'ignore_ament_install']
[0.338s] Level 1:colcon.colcon_core.package_identification:_identify(install) by extension 'ignore'
[0.338s] Level 1:colcon.colcon_core.package_identification:_identify(install) ignored
[0.338s] Level 1:colcon.colcon_core.package_identification:_identify(log) by extensions ['ignore', 'ignore_ament_install']
[0.338s] Level 1:colcon.colcon_core.package_identification:_identify(log) by extension 'ignore'
[0.338s] Level 1:colcon.colcon_core.package_identification:_identify(log) ignored
[0.338s] Level 1:colcon.colcon_core.package_identification:_identify(src) by extensions ['ignore', 'ignore_ament_install']
[0.338s] Level 1:colcon.colcon_core.package_identification:_identify(src) by extension 'ignore'
[0.339s] Level 1:colcon.colcon_core.package_identification:_identify(src) by extension 'ignore_ament_install'
[0.339s] Level 1:colcon.colcon_core.package_identification:_identify(src) by extensions ['colcon_pkg']
[0.339s] Level 1:colcon.colcon_core.package_identification:_identify(src) by extension 'colcon_pkg'
[0.339s] Level 1:colcon.colcon_core.package_identification:_identify(src) by extensions ['colcon_meta']
[0.339s] Level 1:colcon.colcon_core.package_identification:_identify(src) by extension 'colcon_meta'
[0.339s] Level 1:colcon.colcon_core.package_identification:_identify(src) by extensions ['ros']
[0.339s] Level 1:colcon.colcon_core.package_identification:_identify(src) by extension 'ros'
[0.339s] Level 1:colcon.colcon_core.package_identification:_identify(src) by extensions ['cmake', 'python']
[0.339s] Level 1:colcon.colcon_core.package_identification:_identify(src) by extension 'cmake'
[0.339s] Level 1:colcon.colcon_core.package_identification:_identify(src) by extension 'python'
[0.339s] Level 1:colcon.colcon_core.package_identification:_identify(src) by extensions ['python_setup_py']
[0.339s] Level 1:colcon.colcon_core.package_identification:_identify(src) by extension 'python_setup_py'
[0.340s] Level 1:colcon.colcon_core.package_identification:_identify(src/smartbot_description) by extensions ['ignore', 'ignore_ament_install']
[0.340s] Level 1:colcon.colcon_core.package_identification:_identify(src/smartbot_description) by extension 'ignore'
[0.340s] Level 1:colcon.colcon_core.package_identification:_identify(src/smartbot_description) by extension 'ignore_ament_install'
[0.340s] Level 1:colcon.colcon_core.package_identification:_identify(src/smartbot_description) by extensions ['colcon_pkg']
[0.340s] Level 1:colcon.colcon_core.package_identification:_identify(src/smartbot_description) by extension 'colcon_pkg'
[0.340s] Level 1:colcon.colcon_core.package_identification:_identify(src/smartbot_description) by extensions ['colcon_meta']
[0.340s] Level 1:colcon.colcon_core.package_identification:_identify(src/smartbot_description) by extension 'colcon_meta'
[0.340s] Level 1:colcon.colcon_core.package_identification:_identify(src/smartbot_description) by extensions ['ros']
[0.340s] Level 1:colcon.colcon_core.package_identification:_identify(src/smartbot_description) by extension 'ros'
[0.344s] DEBUG:colcon.colcon_core.package_identification:Package 'src/smartbot_description' with type 'ros.ament_cmake' and name 'smartbot_description'
[0.344s] Level 1:colcon.colcon_core.package_identification:_identify(src/smartsort_controllers) by extensions ['ignore', 'ignore_ament_install']
[0.345s] Level 1:colcon.colcon_core.package_identification:_identify(src/smartsort_controllers) by extension 'ignore'
[0.345s] Level 1:colcon.colcon_core.package_identification:_identify(src/smartsort_controllers) by extension 'ignore_ament_install'
[0.345s] Level 1:colcon.colcon_core.package_identification:_identify(src/smartsort_controllers) by extensions ['colcon_pkg']
[0.345s] Level 1:colcon.colcon_core.package_identification:_identify(src/smartsort_controllers) by extension 'colcon_pkg'
[0.345s] Level 1:colcon.colcon_core.package_identification:_identify(src/smartsort_controllers) by extensions ['colcon_meta']
[0.345s] Level 1:colcon.colcon_core.package_identification:_identify(src/smartsort_controllers) by extension 'colcon_meta'
[0.345s] Level 1:colcon.colcon_core.package_identification:_identify(src/smartsort_controllers) by extensions ['ros']
[0.345s] Level 1:colcon.colcon_core.package_identification:_identify(src/smartsort_controllers) by extension 'ros'
[0.346s] DEBUG:colcon.colcon_core.package_identification:Package 'src/smartsort_controllers' with type 'ros.ament_cmake' and name 'smartsort_controllers'
[0.346s] Level 1:colcon.colcon_core.package_identification:_identify(src/smartsort_robot) by extensions ['ignore', 'ignore_ament_install']
[0.346s] Level 1:colcon.colcon_core.package_identification:_identify(src/smartsort_robot) by extension 'ignore'
[0.346s] Level 1:colcon.colcon_core.package_identification:_identify(src/smartsort_robot) by extension 'ignore_ament_install'
[0.346s] Level 1:colcon.colcon_core.package_identification:_identify(src/smartsort_robot) by extensions ['colcon_pkg']
[0.346s] Level 1:colcon.colcon_core.package_identification:_identify(src/smartsort_robot) by extension 'colcon_pkg'
[0.347s] Level 1:colcon.colcon_core.package_identification:_identify(src/smartsort_robot) by extensions ['colcon_meta']
[0.347s] Level 1:colcon.colcon_core.package_identification:_identify(src/smartsort_robot) by extension 'colcon_meta'
[0.347s] Level 1:colcon.colcon_core.package_identification:_identify(src/smartsort_robot) by extensions ['ros']
[0.347s] Level 1:colcon.colcon_core.package_identification:_identify(src/smartsort_robot) by extension 'ros'
[0.353s] DEBUG:colcon.colcon_core.package_identification:Package 'src/smartsort_robot' with type 'ros.ament_python' and name 'smartsort_robot'
[0.353s] Level 1:colcon.colcon_core.package_discovery:discover_packages(recursive) using defaults
[0.354s] Level 1:colcon.colcon_core.package_discovery:discover_packages(ignore) discover
[0.354s] Level 1:colcon.colcon_core.package_discovery:discover_packages(ignore) using defaults
[0.354s] Level 1:colcon.colcon_core.package_discovery:discover_packages(path) discover
[0.354s] Level 1:colcon.colcon_core.package_discovery:discover_packages(path) using defaults
[0.381s] Level 1:colcon.colcon_core.package_discovery:discover_packages(prefix_path) check parameters
[0.381s] Level 1:colcon.colcon_core.package_discovery:discover_packages(prefix_path) discover
[0.387s] DEBUG:colcon.colcon_installed_package_information.package_discovery:Found 518 installed packages in /opt/ros/jazzy
[0.390s] Level 1:colcon.colcon_core.package_discovery:discover_packages(prefix_path) using defaults
[0.527s] Level 5:colcon.colcon_core.verb:set package 'smartbot_description' build argument 'cmake_args' from command line to 'None'
[0.527s] Level 5:colcon.colcon_core.verb:set package 'smartbot_description' build argument 'cmake_target' from command line to 'None'
[0.527s] Level 5:colcon.colcon_core.verb:set package 'smartbot_description' build argument 'cmake_target_skip_unavailable' from command line to 'False'
[0.527s] Level 5:colcon.colcon_core.verb:set package 'smartbot_description' build argument 'cmake_clean_cache' from command line to 'False'
[0.527s] Level 5:colcon.colcon_core.verb:set package 'smartbot_description' build argument 'cmake_clean_first' from command line to 'False'
[0.527s] Level 5:colcon.colcon_core.verb:set package 'smartbot_description' build argument 'cmake_force_configure' from command line to 'False'
[0.527s] Level 5:colcon.colcon_core.verb:set package 'smartbot_description' build argument 'ament_cmake_args' from command line to 'None'
[0.527s] Level 5:colcon.colcon_core.verb:set package 'smartbot_description' build argument 'catkin_cmake_args' from command line to 'None'
[0.527s] Level 5:colcon.colcon_core.verb:set package 'smartbot_description' build argument 'catkin_skip_building_tests' from command line to 'False'
[0.527s] DEBUG:colcon.colcon_core.verb:Building package 'smartbot_description' with the following arguments: {'ament_cmake_args': None, 'build_base': '/home/rishabh/smartbot_ws/build/smartbot_description', 'catkin_cmake_args': None, 'catkin_skip_building_tests': False, 'cmake_args': None, 'cmake_clean_cache': False, 'cmake_clean_first': False, 'cmake_force_configure': False, 'cmake_target': None, 'cmake_target_skip_unavailable': False, 'install_base': '/home/rishabh/smartbot_ws/install/smartbot_description', 'merge_install': False, 'path': '/home/rishabh/smartbot_ws/src/smartbot_description', 'symlink_install': True, 'test_result_base': None}
[0.528s] Level 5:colcon.colcon_core.verb:set package 'smartsort_controllers' build argument 'cmake_args' from command line to 'None'
[0.528s] Level 5:colcon.colcon_core.verb:set package 'smartsort_controllers' build argument 'cmake_target' from command line to 'None'
[0.528s] Level 5:colcon.colcon_core.verb:set package 'smartsort_controllers' build argument 'cmake_target_skip_unavailable' from command line to 'False'
[0.528s] Level 5:colcon.colcon_core.verb:set package 'smartsort_controllers' build argument 'cmake_clean_cache' from command line to 'False'
[0.528s] Level 5:colcon.colcon_core.verb:set package 'smartsort_controllers' build argument 'cmake_clean_first' from command line to 'False'
[0.528s] Level 5:colcon.colcon_core.verb:set package 'smartsort_controllers' build argument 'cmake_force_configure' from command line to 'False'
[0.528s] Level 5:colcon.colcon_core.verb:set package 'smartsort_controllers' build argument 'ament_cmake_args' from command line to 'None'
[0.528s] Level 5:colcon.colcon_core.verb:set package 'smartsort_controllers' build argument 'catkin_cmake_args' from command line to 'None'
[0.528s] Level 5:colcon.colcon_core.verb:set package 'smartsort_controllers' build argument 'catkin_skip_building_tests' from command line to 'False'
[0.528s] DEBUG:colcon.colcon_core.verb:Building package 'smartsort_controllers' with the following arguments: {'ament_cmake_args': None, 'build_base': '/home/rishabh/smartbot_ws/build/smartsort_controllers', 'catkin_cmake_args': None, 'catkin_skip_building_tests': False, 'cmake_args': None, 'cmake_clean_cache': False, 'cmake_clean_first': False, 'cmake_force_configure': False, 'cmake_target': None, 'cmake_target_skip_unavailable': False, 'install_base': '/home/rishabh/smartbot_ws/install/smartsort_controllers', 'merge_install': False, 'path': '/home/rishabh/smartbot_ws/src/smartsort_controllers', 'symlink_install': True, 'test_result_base': None}
[0.529s] Level 5:colcon.colcon_core.verb:set package 'smartsort_robot' build argument 'cmake_args' from command line to 'None'
[0.529s] Level 5:colcon.colcon_core.verb:set package 'smartsort_robot' build argument 'cmake_target' from command line to 'None'
[0.529s] Level 5:colcon.colcon_core.verb:set package 'smartsort_robot' build argument 'cmake_target_skip_unavailable' from command line to 'False'
[0.529s] Level 5:colcon.colcon_core.verb:set package 'smartsort_robot' build argument 'cmake_clean_cache' from command line to 'False'
[0.529s] Level 5:colcon.colcon_core.verb:set package 'smartsort_robot' build argument 'cmake_clean_first' from command line to 'False'
[0.529s] Level 5:colcon.colcon_core.verb:set package 'smartsort_robot' build argument 'cmake_force_configure' from command line to 'False'
[0.529s] Level 5:colcon.colcon_core.verb:set package 'smartsort_robot' build argument 'ament_cmake_args' from command line to 'None'
[0.529s] Level 5:colcon.colcon_core.verb:set package 'smartsort_robot' build argument 'catkin_cmake_args' from command line to 'None'
[0.529s] Level 5:colcon.colcon_core.verb:set package 'smartsort_robot' build argument 'catkin_skip_building_tests' from command line to 'False'
[0.529s] DEBUG:colcon.colcon_core.verb:Building package 'smartsort_robot' with the following arguments: {'ament_cmake_args': None, 'build_base': '/home/rishabh/smartbot_ws/build/smartsort_robot', 'catkin_cmake_args': None, 'catkin_skip_building_tests': False, 'cmake_args': None, 'cmake_clean_cache': False, 'cmake_clean_first': False, 'cmake_force_configure': False, 'cmake_target': None, 'cmake_target_skip_unavailable': False, 'install_base': '/home/rishabh/smartbot_ws/install/smartsort_robot', 'merge_install': False, 'path': '/home/rishabh/smartbot_ws/src/smartsort_robot', 'symlink_install': True, 'test_result_base': None}
[0.529s] INFO:colcon.colcon_core.executor:Executing jobs using 'parallel' executor
[0.531s] DEBUG:colcon.colcon_parallel_executor.executor.parallel:run_until_complete
[0.531s] INFO:colcon.colcon_ros.task.ament_cmake.build:Building ROS package in '/home/rishabh/smartbot_ws/src/smartbot_description' with build type 'ament_cmake'
[0.531s] INFO:colcon.colcon_cmake.task.cmake.build:Building CMake package in '/home/rishabh/smartbot_ws/src/smartbot_description'
[0.537s] INFO:colcon.colcon_core.plugin_system:Skipping extension 'colcon_core.shell.bat': Not used on non-Windows systems
[0.537s] INFO:colcon.colcon_core.shell:Skip shell extension 'powershell' for command environment: Not usable outside of PowerShell
[0.537s] DEBUG:colcon.colcon_core.shell:Skip shell extension 'dsv' for command environment
[0.549s] INFO:colcon.colcon_ros.task.ament_cmake.build:Building ROS package in '/home/rishabh/smartbot_ws/src/smartsort_controllers' with build type 'ament_cmake'
[0.549s] INFO:colcon.colcon_cmake.task.cmake.build:Building CMake package in '/home/rishabh/smartbot_ws/src/smartsort_controllers'
[0.550s] INFO:colcon.colcon_core.shell:Skip shell extension 'powershell' for command environment: Not usable outside of PowerShell
[0.550s] DEBUG:colcon.colcon_core.shell:Skip shell extension 'dsv' for command environment
[0.559s] INFO:colcon.colcon_ros.task.ament_python.build:Building ROS package in '/home/rishabh/smartbot_ws/src/smartsort_robot' with build type 'ament_python'
[0.559s] Level 1:colcon.colcon_core.shell:create_environment_hook('smartsort_robot', 'ament_prefix_path')
[0.560s] INFO:colcon.colcon_core.shell:Creating environment hook '/home/rishabh/smartbot_ws/install/smartsort_robot/share/smartsort_robot/hook/ament_prefix_path.ps1'
[0.561s] INFO:colcon.colcon_core.shell:Creating environment descriptor '/home/rishabh/smartbot_ws/install/smartsort_robot/share/smartsort_robot/hook/ament_prefix_path.dsv'
[0.562s] INFO:colcon.colcon_core.shell:Creating environment hook '/home/rishabh/smartbot_ws/install/smartsort_robot/share/smartsort_robot/hook/ament_prefix_path.sh'
[0.563s] INFO:colcon.colcon_core.shell:Skip shell extension 'powershell' for command environment: Not usable outside of PowerShell
[0.563s] DEBUG:colcon.colcon_core.shell:Skip shell extension 'dsv' for command environment
[0.582s] DEBUG:colcon.colcon_core.event_handler.log_command:Invoking command in '/home/rishabh/smartbot_ws/build/smartbot_description': CMAKE_PREFIX_PATH=${CMAKE_PREFIX_PATH}:/opt/ros/jazzy DEBUGINFOD_URLS=https://debuginfod.ubuntu.com /usr/bin/cmake /home/rishabh/smartbot_ws/src/smartbot_description -DAMENT_CMAKE_SYMLINK_INSTALL=1 -DCMAKE_INSTALL_PREFIX=/home/rishabh/smartbot_ws/install/smartbot_description
[0.588s] DEBUG:colcon.colcon_core.event_handler.log_command:Invoking command in '/home/rishabh/smartbot_ws/build/smartsort_controllers': CMAKE_PREFIX_PATH=${CMAKE_PREFIX_PATH}:/opt/ros/jazzy DEBUGINFOD_URLS=https://debuginfod.ubuntu.com /usr/bin/cmake /home/rishabh/smartbot_ws/src/smartsort_controllers -DAMENT_CMAKE_SYMLINK_INSTALL=1 -DCMAKE_INSTALL_PREFIX=/home/rishabh/smartbot_ws/install/smartsort_controllers
[1.343s] INFO:colcon.colcon_core.task.python.build:Building Python package in '/home/rishabh/smartbot_ws/src/smartsort_robot'
[1.344s] INFO:colcon.colcon_core.shell:Skip shell extension 'powershell' for command environment: Not usable outside of PowerShell
[1.344s] DEBUG:colcon.colcon_core.shell:Skip shell extension 'dsv' for command environment
[3.801s] DEBUG:colcon.colcon_core.event_handler.log_command:Invoked command in '/home/rishabh/smartbot_ws/build/smartsort_controllers' returned '0': CMAKE_PREFIX_PATH=${CMAKE_PREFIX_PATH}:/opt/ros/jazzy DEBUGINFOD_URLS=https://debuginfod.ubuntu.com /usr/bin/cmake /home/rishabh/smartbot_ws/src/smartsort_controllers -DAMENT_CMAKE_SYMLINK_INSTALL=1 -DCMAKE_INSTALL_PREFIX=/home/rishabh/smartbot_ws/install/smartsort_controllers
[3.803s] DEBUG:colcon.colcon_core.event_handler.log_command:Invoking command in '/home/rishabh/smartbot_ws/build/smartsort_controllers': CMAKE_PREFIX_PATH=${CMAKE_PREFIX_PATH}:/opt/ros/jazzy DEBUGINFOD_URLS=https://debuginfod.ubuntu.com /usr/bin/cmake --build /home/rishabh/smartbot_ws/build/smartsort_controllers -- -j8 -l8
[3.863s] DEBUG:colcon.colcon_core.event_handler.log_command:Invoked command in '/home/rishabh/smartbot_ws/build/smartbot_description' returned '0': CMAKE_PREFIX_PATH=${CMAKE_PREFIX_PATH}:/opt/ros/jazzy DEBUGINFOD_URLS=https://debuginfod.ubuntu.com /usr/bin/cmake /home/rishabh/smartbot_ws/src/smartbot_description -DAMENT_CMAKE_SYMLINK_INSTALL=1 -DCMAKE_INSTALL_PREFIX=/home/rishabh/smartbot_ws/install/smartbot_description
[3.869s] DEBUG:colcon.colcon_core.event_handler.log_command:Invoking command in '/home/rishabh/smartbot_ws/build/smartbot_description': CMAKE_PREFIX_PATH=${CMAKE_PREFIX_PATH}:/opt/ros/jazzy DEBUGINFOD_URLS=https://debuginfod.ubuntu.com /usr/bin/cmake --build /home/rishabh/smartbot_ws/build/smartbot_description -- -j8 -l8
[3.954s] DEBUG:colcon.colcon_core.event_handler.log_command:Invoked command in '/home/rishabh/smartbot_ws/build/smartsort_controllers' returned '0': CMAKE_PREFIX_PATH=${CMAKE_PREFIX_PATH}:/opt/ros/jazzy DEBUGINFOD_URLS=https://debuginfod.ubuntu.com /usr/bin/cmake --build /home/rishabh/smartbot_ws/build/smartsort_controllers -- -j8 -l8
[3.984s] DEBUG:colcon.colcon_core.event_handler.log_command:Invoking command in '/home/rishabh/smartbot_ws/build/smartsort_controllers': CMAKE_PREFIX_PATH=${CMAKE_PREFIX_PATH}:/opt/ros/jazzy DEBUGINFOD_URLS=https://debuginfod.ubuntu.com /usr/bin/cmake --install /home/rishabh/smartbot_ws/build/smartsort_controllers
[4.021s] DEBUG:colcon.colcon_core.event_handler.log_command:Invoking command in '/home/rishabh/smartbot_ws/build/smartsort_robot': DEBUGINFOD_URLS=https://debuginfod.ubuntu.com PYTHONPATH=/home/rishabh/smartbot_ws/build/smartsort_robot/prefix_override:/usr/lib/python3/dist-packages/colcon_core/task/python/colcon_distutils_commands:/home/rishabh/smartbot_ws/install/smartsort_robot/lib/python3.12/site-packages:${PYTHONPATH} /usr/bin/python3 -W ignore:setup.py install is deprecated -W ignore:easy_install command is deprecated setup.py develop --editable --build-directory /home/rishabh/smartbot_ws/build/smartsort_robot/build --no-deps symlink_data
[4.022s] DEBUG:colcon.colcon_core.event_handler.log_command:Invoked command in '/home/rishabh/smartbot_ws/build/smartbot_description' returned '0': CMAKE_PREFIX_PATH=${CMAKE_PREFIX_PATH}:/opt/ros/jazzy DEBUGINFOD_URLS=https://debuginfod.ubuntu.com /usr/bin/cmake --build /home/rishabh/smartbot_ws/build/smartbot_description -- -j8 -l8
[4.023s] DEBUG:colcon.colcon_core.event_handler.log_command:Invoking command in '/home/rishabh/smartbot_ws/build/smartbot_description': CMAKE_PREFIX_PATH=${CMAKE_PREFIX_PATH}:/opt/ros/jazzy DEBUGINFOD_URLS=https://debuginfod.ubuntu.com /usr/bin/cmake --install /home/rishabh/smartbot_ws/build/smartbot_description
[4.446s] Level 1:colcon.colcon_core.environment:create_environment_scripts_only(smartsort_controllers)
[4.447s] DEBUG:colcon.colcon_core.event_handler.log_command:Invoked command in '/home/rishabh/smartbot_ws/build/smartsort_controllers' returned '0': CMAKE_PREFIX_PATH=${CMAKE_PREFIX_PATH}:/opt/ros/jazzy DEBUGINFOD_URLS=https://debuginfod.ubuntu.com /usr/bin/cmake --install /home/rishabh/smartbot_ws/build/smartsort_controllers
[4.452s] Level 1:colcon.colcon_core.environment:checking '/home/rishabh/smartbot_ws/install/smartsort_controllers' for CMake module files
[4.454s] Level 1:colcon.colcon_core.environment:checking '/home/rishabh/smartbot_ws/install/smartsort_controllers' for CMake config files
[4.455s] Level 1:colcon.colcon_core.shell:create_environment_hook('smartsort_controllers', 'cmake_prefix_path')
[4.455s] INFO:colcon.colcon_core.shell:Creating environment hook '/home/rishabh/smartbot_ws/install/smartsort_controllers/share/smartsort_controllers/hook/cmake_prefix_path.ps1'
[4.456s] INFO:colcon.colcon_core.shell:Creating environment descriptor '/home/rishabh/smartbot_ws/install/smartsort_controllers/share/smartsort_controllers/hook/cmake_prefix_path.dsv'
[4.457s] INFO:colcon.colcon_core.shell:Creating environment hook '/home/rishabh/smartbot_ws/install/smartsort_controllers/share/smartsort_controllers/hook/cmake_prefix_path.sh'
[4.458s] Level 1:colcon.colcon_core.environment:checking '/home/rishabh/smartbot_ws/install/smartsort_controllers/bin'
[4.459s] Level 1:colcon.colcon_core.environment:checking '/home/rishabh/smartbot_ws/install/smartsort_controllers/lib/pkgconfig/smartsort_controllers.pc'
[4.459s] Level 1:colcon.colcon_core.environment:checking '/home/rishabh/smartbot_ws/install/smartsort_controllers/lib/python3.12/site-packages'
[4.460s] Level 1:colcon.colcon_core.environment:checking '/home/rishabh/smartbot_ws/install/smartsort_controllers/bin'
[4.461s] INFO:colcon.colcon_core.shell:Creating package script '/home/rishabh/smartbot_ws/install/smartsort_controllers/share/smartsort_controllers/package.ps1'
[4.463s] INFO:colcon.colcon_core.shell:Creating package descriptor '/home/rishabh/smartbot_ws/install/smartsort_controllers/share/smartsort_controllers/package.dsv'
[4.465s] INFO:colcon.colcon_core.shell:Creating package script '/home/rishabh/smartbot_ws/install/smartsort_controllers/share/smartsort_controllers/package.sh'
[4.467s] INFO:colcon.colcon_core.shell:Creating package script '/home/rishabh/smartbot_ws/install/smartsort_controllers/share/smartsort_controllers/package.bash'
[4.469s] INFO:colcon.colcon_core.shell:Creating package script '/home/rishabh/smartbot_ws/install/smartsort_controllers/share/smartsort_controllers/package.zsh'
[4.471s] Level 1:colcon.colcon_core.environment:create_file_with_runtime_dependencies(/home/rishabh/smartbot_ws/install/smartsort_controllers/share/colcon-core/packages/smartsort_controllers)
[4.472s] Level 1:colcon.colcon_core.environment:create_environment_scripts_only(smartsort_controllers)
[4.473s] Level 1:colcon.colcon_core.environment:checking '/home/rishabh/smartbot_ws/install/smartsort_controllers' for CMake module files
[4.475s] Level 1:colcon.colcon_core.environment:checking '/home/rishabh/smartbot_ws/install/smartsort_controllers' for CMake config files
[4.476s] Level 1:colcon.colcon_core.shell:create_environment_hook('smartsort_controllers', 'cmake_prefix_path')
[4.476s] INFO:colcon.colcon_core.shell:Creating environment hook '/home/rishabh/smartbot_ws/install/smartsort_controllers/share/smartsort_controllers/hook/cmake_prefix_path.ps1'
[4.478s] INFO:colcon.colcon_core.shell:Creating environment descriptor '/home/rishabh/smartbot_ws/install/smartsort_controllers/share/smartsort_controllers/hook/cmake_prefix_path.dsv'
[4.479s] INFO:colcon.colcon_core.shell:Creating environment hook '/home/rishabh/smartbot_ws/install/smartsort_controllers/share/smartsort_controllers/hook/cmake_prefix_path.sh'
[4.480s] Level 1:colcon.colcon_core.environment:checking '/home/rishabh/smartbot_ws/install/smartsort_controllers/bin'
[4.480s] Level 1:colcon.colcon_core.environment:checking '/home/rishabh/smartbot_ws/install/smartsort_controllers/lib/pkgconfig/smartsort_controllers.pc'
[4.481s] Level 1:colcon.colcon_core.environment:checking '/home/rishabh/smartbot_ws/install/smartsort_controllers/lib/python3.12/site-packages'
[4.482s] Level 1:colcon.colcon_core.environment:checking '/home/rishabh/smartbot_ws/install/smartsort_controllers/bin'
[4.483s] INFO:colcon.colcon_core.shell:Creating package script '/home/rishabh/smartbot_ws/install/smartsort_controllers/share/smartsort_controllers/package.ps1'
[4.484s] INFO:colcon.colcon_core.shell:Creating package descriptor '/home/rishabh/smartbot_ws/install/smartsort_controllers/share/smartsort_controllers/package.dsv'
[4.486s] INFO:colcon.colcon_core.shell:Creating package script '/home/rishabh/smartbot_ws/install/smartsort_controllers/share/smartsort_controllers/package.sh'
[4.487s] INFO:colcon.colcon_core.shell:Creating package script '/home/rishabh/smartbot_ws/install/smartsort_controllers/share/smartsort_controllers/package.bash'
[4.489s] INFO:colcon.colcon_core.shell:Creating package script '/home/rishabh/smartbot_ws/install/smartsort_controllers/share/smartsort_controllers/package.zsh'
[4.490s] Level 1:colcon.colcon_core.environment:create_file_with_runtime_dependencies(/home/rishabh/smartbot_ws/install/smartsort_controllers/share/colcon-core/packages/smartsort_controllers)
[4.501s] Level 1:colcon.colcon_core.environment:create_environment_scripts_only(smartbot_description)
[4.502s] Level 1:colcon.colcon_core.environment:checking '/home/rishabh/smartbot_ws/install/smartbot_description' for CMake module files
[4.503s] DEBUG:colcon.colcon_core.event_handler.log_command:Invoked command in '/home/rishabh/smartbot_ws/build/smartbot_description' returned '0': CMAKE_PREFIX_PATH=${CMAKE_PREFIX_PATH}:/opt/ros/jazzy DEBUGINFOD_URLS=https://debuginfod.ubuntu.com /usr/bin/cmake --install /home/rishabh/smartbot_ws/build/smartbot_description
[4.504s] Level 1:colcon.colcon_core.environment:checking '/home/rishabh/smartbot_ws/install/smartbot_description' for CMake config files
[4.505s] Level 1:colcon.colcon_core.shell:create_environment_hook('smartbot_description', 'cmake_prefix_path')
[4.505s] INFO:colcon.colcon_core.shell:Creating environment hook '/home/rishabh/smartbot_ws/install/smartbot_description/share/smartbot_description/hook/cmake_prefix_path.ps1'
[4.506s] INFO:colcon.colcon_core.shell:Creating environment descriptor '/home/rishabh/smartbot_ws/install/smartbot_description/share/smartbot_description/hook/cmake_prefix_path.dsv'
[4.507s] INFO:colcon.colcon_core.shell:Creating environment hook '/home/rishabh/smartbot_ws/install/smartbot_description/share/smartbot_description/hook/cmake_prefix_path.sh'
[4.508s] Level 1:colcon.colcon_core.environment:checking '/home/rishabh/smartbot_ws/install/smartbot_description/bin'
[4.508s] Level 1:colcon.colcon_core.environment:checking '/home/rishabh/smartbot_ws/install/smartbot_description/lib/pkgconfig/smartbot_description.pc'
[4.509s] Level 1:colcon.colcon_core.environment:checking '/home/rishabh/smartbot_ws/install/smartbot_description/lib/python3.12/site-packages'
[4.509s] Level 1:colcon.colcon_core.environment:checking '/home/rishabh/smartbot_ws/install/smartbot_description/bin'
[4.510s] INFO:colcon.colcon_core.shell:Creating package script '/home/rishabh/smartbot_ws/install/smartbot_description/share/smartbot_description/package.ps1'
[4.511s] INFO:colcon.colcon_core.shell:Creating package descriptor '/home/rishabh/smartbot_ws/install/smartbot_description/share/smartbot_description/package.dsv'
[4.512s] INFO:colcon.colcon_core.shell:Creating package script '/home/rishabh/smartbot_ws/install/smartbot_description/share/smartbot_description/package.sh'
[4.512s] INFO:colcon.colcon_core.shell:Creating package script '/home/rishabh/smartbot_ws/install/smartbot_description/share/smartbot_description/package.bash'
[4.513s] INFO:colcon.colcon_core.shell:Creating package script '/home/rishabh/smartbot_ws/install/smartbot_description/share/smartbot_description/package.zsh'
[4.514s] Level 1:colcon.colcon_core.environment:create_file_with_runtime_dependencies(/home/rishabh/smartbot_ws/install/smartbot_description/share/colcon-core/packages/smartbot_description)
[4.515s] Level 1:colcon.colcon_core.environment:create_environment_scripts_only(smartbot_description)
[4.515s] Level 1:colcon.colcon_core.environment:checking '/home/rishabh/smartbot_ws/install/smartbot_description' for CMake module files
[4.516s] Level 1:colcon.colcon_core.environment:checking '/home/rishabh/smartbot_ws/install/smartbot_description' for CMake config files
[4.517s] Level 1:colcon.colcon_core.shell:create_environment_hook('smartbot_description', 'cmake_prefix_path')
[4.517s] INFO:colcon.colcon_core.shell:Creating environment hook '/home/rishabh/smartbot_ws/install/smartbot_description/share/smartbot_description/hook/cmake_prefix_path.ps1'
[4.518s] INFO:colcon.colcon_core.shell:Creating environment descriptor '/home/rishabh/smartbot_ws/install/smartbot_description/share/smartbot_description/hook/cmake_prefix_path.dsv'
[4.519s] INFO:colcon.colcon_core.shell:Creating environment hook '/home/rishabh/smartbot_ws/install/smartbot_description/share/smartbot_description/hook/cmake_prefix_path.sh'
[4.520s] Level 1:colcon.colcon_core.environment:checking '/home/rishabh/smartbot_ws/install/smartbot_description/bin'
[4.520s] Level 1:colcon.colcon_core.environment:checking '/home/rishabh/smartbot_ws/install/smartbot_description/lib/pkgconfig/smartbot_description.pc'
[4.520s] Level 1:colcon.colcon_core.environment:checking '/home/rishabh/smartbot_ws/install/smartbot_description/lib/python3.12/site-packages'
[4.521s] Level 1:colcon.colcon_core.environment:checking '/home/rishabh/smartbot_ws/install/smartbot_description/bin'
[4.522s] INFO:colcon.colcon_core.shell:Creating package script '/home/rishabh/smartbot_ws/install/smartbot_description/share/smartbot_description/package.ps1'
[4.523s] INFO:colcon.colcon_core.shell:Creating package descriptor '/home/rishabh/smartbot_ws/install/smartbot_description/share/smartbot_description/package.dsv'
[4.524s] INFO:colcon.colcon_core.shell:Creating package script '/home/rishabh/smartbot_ws/install/smartbot_description/share/smartbot_description/package.sh'
[4.525s] INFO:colcon.colcon_core.shell:Creating package script '/home/rishabh/smartbot_ws/install/smartbot_description/share/smartbot_description/package.bash'
[4.525s] INFO:colcon.colcon_core.shell:Creating package script '/home/rishabh/smartbot_ws/install/smartbot_description/share/smartbot_description/package.zsh'
[4.526s] Level 1:colcon.colcon_core.environment:create_file_with_runtime_dependencies(/home/rishabh/smartbot_ws/install/smartbot_description/share/colcon-core/packages/smartbot_description)
[5.707s] Level 1:colcon.colcon_core.shell:create_environment_hook('smartsort_robot', 'pythonpath_develop')
[5.708s] INFO:colcon.colcon_core.shell:Creating environment hook '/home/rishabh/smartbot_ws/build/smartsort_robot/share/smartsort_robot/hook/pythonpath_develop.ps1'
[5.708s] DEBUG:colcon.colcon_core.event_handler.log_command:Invoked command in '/home/rishabh/smartbot_ws/build/smartsort_robot' returned '0': DEBUGINFOD_URLS=https://debuginfod.ubuntu.com PYTHONPATH=/home/rishabh/smartbot_ws/build/smartsort_robot/prefix_override:/usr/lib/python3/dist-packages/colcon_core/task/python/colcon_distutils_commands:/home/rishabh/smartbot_ws/install/smartsort_robot/lib/python3.12/site-packages:${PYTHONPATH} /usr/bin/python3 -W ignore:setup.py install is deprecated -W ignore:easy_install command is deprecated setup.py develop --editable --build-directory /home/rishabh/smartbot_ws/build/smartsort_robot/build --no-deps symlink_data
[5.710s] INFO:colcon.colcon_core.shell:Creating environment descriptor '/home/rishabh/smartbot_ws/build/smartsort_robot/share/smartsort_robot/hook/pythonpath_develop.dsv'
[5.711s] INFO:colcon.colcon_core.shell:Creating environment hook '/home/rishabh/smartbot_ws/build/smartsort_robot/share/smartsort_robot/hook/pythonpath_develop.sh'
[5.713s] Level 1:colcon.colcon_core.environment:checking '/home/rishabh/smartbot_ws/install/smartsort_robot' for CMake module files
[5.715s] Level 1:colcon.colcon_core.environment:checking '/home/rishabh/smartbot_ws/install/smartsort_robot' for CMake config files
[5.717s] Level 1:colcon.colcon_core.environment:checking '/home/rishabh/smartbot_ws/install/smartsort_robot/lib'
[5.718s] Level 1:colcon.colcon_core.environment:checking '/home/rishabh/smartbot_ws/install/smartsort_robot/bin'
[5.718s] Level 1:colcon.colcon_core.environment:checking '/home/rishabh/smartbot_ws/install/smartsort_robot/lib/pkgconfig/smartsort_robot.pc'
[5.719s] Level 1:colcon.colcon_core.environment:checking '/home/rishabh/smartbot_ws/install/smartsort_robot/lib/python3.12/site-packages'
[5.719s] Level 1:colcon.colcon_core.shell:create_environment_hook('smartsort_robot', 'pythonpath')
[5.720s] INFO:colcon.colcon_core.shell:Creating environment hook '/home/rishabh/smartbot_ws/install/smartsort_robot/share/smartsort_robot/hook/pythonpath.ps1'
[5.721s] INFO:colcon.colcon_core.shell:Creating environment descriptor '/home/rishabh/smartbot_ws/install/smartsort_robot/share/smartsort_robot/hook/pythonpath.dsv'
[5.722s] INFO:colcon.colcon_core.shell:Creating environment hook '/home/rishabh/smartbot_ws/install/smartsort_robot/share/smartsort_robot/hook/pythonpath.sh'
[5.725s] Level 1:colcon.colcon_core.environment:checking '/home/rishabh/smartbot_ws/install/smartsort_robot/bin'
[5.725s] Level 1:colcon.colcon_core.environment:create_environment_scripts_only(smartsort_robot)
[5.726s] INFO:colcon.colcon_core.shell:Creating package script '/home/rishabh/smartbot_ws/install/smartsort_robot/share/smartsort_robot/package.ps1'
[5.728s] INFO:colcon.colcon_core.shell:Creating package descriptor '/home/rishabh/smartbot_ws/install/smartsort_robot/share/smartsort_robot/package.dsv'
[5.730s] INFO:colcon.colcon_core.shell:Creating package script '/home/rishabh/smartbot_ws/install/smartsort_robot/share/smartsort_robot/package.sh'
[5.731s] INFO:colcon.colcon_core.shell:Creating package script '/home/rishabh/smartbot_ws/install/smartsort_robot/share/smartsort_robot/package.bash'
[5.732s] INFO:colcon.colcon_core.shell:Creating package script '/home/rishabh/smartbot_ws/install/smartsort_robot/share/smartsort_robot/package.zsh'
[5.733s] Level 1:colcon.colcon_core.environment:create_file_with_runtime_dependencies(/home/rishabh/smartbot_ws/install/smartsort_robot/share/colcon-core/packages/smartsort_robot)
[5.734s] DEBUG:colcon.colcon_parallel_executor.executor.parallel:closing loop
[5.736s] DEBUG:colcon.colcon_parallel_executor.executor.parallel:loop closed
[5.736s] DEBUG:colcon.colcon_parallel_executor.executor.parallel:run_until_complete finished with '0'
[5.736s] DEBUG:colcon.colcon_core.event_reactor:joining thread
[5.750s] INFO:colcon.colcon_core.plugin_system:Skipping extension 'colcon_notification.desktop_notification.terminal_notifier': Not used on non-Darwin systems
[5.750s] INFO:colcon.colcon_core.plugin_system:Skipping extension 'colcon_notification.desktop_notification.win32': Not used on non-Windows systems
[5.750s] INFO:colcon.colcon_notification.desktop_notification:Sending desktop notification using 'notify2'
[5.780s] DEBUG:colcon.colcon_core.event_reactor:joined thread
[5.780s] INFO:colcon.colcon_core.shell:Creating prefix script '/home/rishabh/smartbot_ws/install/local_setup.ps1'
[5.783s] INFO:colcon.colcon_core.shell:Creating prefix util module '/home/rishabh/smartbot_ws/install/_local_setup_util_ps1.py'
[5.786s] INFO:colcon.colcon_core.shell:Creating prefix chain script '/home/rishabh/smartbot_ws/install/setup.ps1'
[5.789s] INFO:colcon.colcon_core.shell:Creating prefix script '/home/rishabh/smartbot_ws/install/local_setup.sh'
[5.790s] INFO:colcon.colcon_core.shell:Creating prefix util module '/home/rishabh/smartbot_ws/install/_local_setup_util_sh.py'
[5.791s] INFO:colcon.colcon_core.shell:Creating prefix chain script '/home/rishabh/smartbot_ws/install/setup.sh'
[5.793s] INFO:colcon.colcon_core.shell:Creating prefix script '/home/rishabh/smartbot_ws/install/local_setup.bash'
[5.794s] INFO:colcon.colcon_core.shell:Creating prefix chain script '/home/rishabh/smartbot_ws/install/setup.bash'
[5.795s] INFO:colcon.colcon_core.shell:Creating prefix script '/home/rishabh/smartbot_ws/install/local_setup.zsh'
[5.796s] INFO:colcon.colcon_core.shell:Creating prefix chain script '/home/rishabh/smartbot_ws/install/setup.zsh'
