[1.371s] Invoking command in '/home/rishabh/smartbot_ws/src/smartsort_robot': DEBUGINFOD_URLS=https://debuginfod.ubuntu.com PYTHONPATH=/home/rishabh/smartbot_ws/build/smartsort_robot/prefix_override:/usr/lib/python3/dist-packages/colcon_core/task/python/colcon_distutils_commands:/home/rishabh/smartbot_ws/install/smartsort_robot/lib/python3.12/site-packages:${PYTHONPATH} /usr/bin/python3 -W ignore:setup.py install is deprecated -W ignore:easy_install command is deprecated setup.py egg_info --egg-base ../../build/smartsort_robot build --build-base /home/rishabh/smartbot_ws/build/smartsort_robot/build install --record /home/rishabh/smartbot_ws/build/smartsort_robot/install.log --single-version-externally-managed install_data
[1.814s] running egg_info
[1.815s] creating ../../build/smartsort_robot/smartsort_robot.egg-info
[1.851s] writing ../../build/smartsort_robot/smartsort_robot.egg-info/PKG-INFO
[1.851s] writing dependency_links to ../../build/smartsort_robot/smartsort_robot.egg-info/dependency_links.txt
[1.851s] writing entry points to ../../build/smartsort_robot/smartsort_robot.egg-info/entry_points.txt
[1.853s] writing requirements to ../../build/smartsort_robot/smartsort_robot.egg-info/requires.txt
[1.854s] writing top-level names to ../../build/smartsort_robot/smartsort_robot.egg-info/top_level.txt
[1.854s] writing manifest file '../../build/smartsort_robot/smartsort_robot.egg-info/SOURCES.txt'
[1.917s] reading manifest file '../../build/smartsort_robot/smartsort_robot.egg-info/SOURCES.txt'
[1.918s] writing manifest file '../../build/smartsort_robot/smartsort_robot.egg-info/SOURCES.txt'
[1.919s] running build
[1.919s] running build_py
[1.919s] creating /home/rishabh/smartbot_ws/build/smartsort_robot/build
[1.919s] creating /home/rishabh/smartbot_ws/build/smartsort_robot/build/lib
[1.920s] creating /home/rishabh/smartbot_ws/build/smartsort_robot/build/lib/smartsort_robot
[1.920s] copying smartsort_robot/robot_brain.py -> /home/rishabh/smartbot_ws/build/smartsort_robot/build/lib/smartsort_robot
[1.920s] copying smartsort_robot/gripper_controller.py -> /home/rishabh/smartbot_ws/build/smartsort_robot/build/lib/smartsort_robot
[1.920s] copying smartsort_robot/__init__.py -> /home/rishabh/smartbot_ws/build/smartsort_robot/build/lib/smartsort_robot
[1.920s] running install
[1.927s] running install_lib
[1.958s] creating /home/rishabh/smartbot_ws/install/smartsort_robot/lib/python3.12/site-packages/smartsort_robot
[1.958s] copying /home/rishabh/smartbot_ws/build/smartsort_robot/build/lib/smartsort_robot/robot_brain.py -> /home/rishabh/smartbot_ws/install/smartsort_robot/lib/python3.12/site-packages/smartsort_robot
[1.958s] copying /home/rishabh/smartbot_ws/build/smartsort_robot/build/lib/smartsort_robot/gripper_controller.py -> /home/rishabh/smartbot_ws/install/smartsort_robot/lib/python3.12/site-packages/smartsort_robot
[1.958s] copying /home/rishabh/smartbot_ws/build/smartsort_robot/build/lib/smartsort_robot/__init__.py -> /home/rishabh/smartbot_ws/install/smartsort_robot/lib/python3.12/site-packages/smartsort_robot
[1.959s] byte-compiling /home/rishabh/smartbot_ws/install/smartsort_robot/lib/python3.12/site-packages/smartsort_robot/robot_brain.py to robot_brain.cpython-312.pyc
[1.961s] byte-compiling /home/rishabh/smartbot_ws/install/smartsort_robot/lib/python3.12/site-packages/smartsort_robot/gripper_controller.py to gripper_controller.cpython-312.pyc
[1.962s] byte-compiling /home/rishabh/smartbot_ws/install/smartsort_robot/lib/python3.12/site-packages/smartsort_robot/__init__.py to __init__.cpython-312.pyc
[1.963s] running install_data
[1.963s] creating /home/rishabh/smartbot_ws/install/smartsort_robot/share/ament_index
[1.963s] creating /home/rishabh/smartbot_ws/install/smartsort_robot/share/ament_index/resource_index
[1.964s] creating /home/rishabh/smartbot_ws/install/smartsort_robot/share/ament_index/resource_index/packages
[1.964s] copying resource/smartsort_robot -> /home/rishabh/smartbot_ws/install/smartsort_robot/share/ament_index/resource_index/packages
[1.964s] copying package.xml -> /home/rishabh/smartbot_ws/install/smartsort_robot/share/smartsort_robot
[1.964s] creating /home/rishabh/smartbot_ws/install/smartsort_robot/share/smartsort_robot/launch
[1.965s] copying launch/warehouse.launch.py -> /home/rishabh/smartbot_ws/install/smartsort_robot/share/smartsort_robot/launch
[1.965s] creating /home/rishabh/smartbot_ws/install/smartsort_robot/share/smartsort_robot/urdf
[1.965s] copying urdf/smartsort_ros2_control.xacro -> /home/rishabh/smartbot_ws/install/smartsort_robot/share/smartsort_robot/urdf
[1.971s] copying urdf/smartsort_robot.urdf.xacro -> /home/rishabh/smartbot_ws/install/smartsort_robot/share/smartsort_robot/urdf
[1.971s] copying urdf/smartsort_gazebo.xacro -> /home/rishabh/smartbot_ws/install/smartsort_robot/share/smartsort_robot/urdf
[1.982s] creating /home/rishabh/smartbot_ws/install/smartsort_robot/share/smartsort_robot/worlds
[1.983s] copying worlds/warehouse.sdf -> /home/rishabh/smartbot_ws/install/smartsort_robot/share/smartsort_robot/worlds
[1.992s] creating /home/rishabh/smartbot_ws/install/smartsort_robot/share/smartsort_robot/rviz
[1.993s] running install_egg_info
[2.025s] Copying ../../build/smartsort_robot/smartsort_robot.egg-info to /home/rishabh/smartbot_ws/install/smartsort_robot/lib/python3.12/site-packages/smartsort_robot-1.0.0-py3.12.egg-info
[2.026s] running install_scripts
[2.224s] Installing gripper_controller script to /home/rishabh/smartbot_ws/install/smartsort_robot/lib/smartsort_robot
[2.225s] Installing robot_brain script to /home/rishabh/smartbot_ws/install/smartsort_robot/lib/smartsort_robot
[2.225s] writing list of installed files to '/home/rishabh/smartbot_ws/build/smartsort_robot/install.log'
[2.274s] Invoked command in '/home/rishabh/smartbot_ws/src/smartsort_robot' returned '0': DEBUGINFOD_URLS=https://debuginfod.ubuntu.com PYTHONPATH=/home/rishabh/smartbot_ws/build/smartsort_robot/prefix_override:/usr/lib/python3/dist-packages/colcon_core/task/python/colcon_distutils_commands:/home/rishabh/smartbot_ws/install/smartsort_robot/lib/python3.12/site-packages:${PYTHONPATH} /usr/bin/python3 -W ignore:setup.py install is deprecated -W ignore:easy_install command is deprecated setup.py egg_info --egg-base ../../build/smartsort_robot build --build-base /home/rishabh/smartbot_ws/build/smartsort_robot/build install --record /home/rishabh/smartbot_ws/build/smartsort_robot/install.log --single-version-externally-managed install_data
